#
# A fatal error has been detected by the Java Runtime Environment:
#
#  EXCEPTION_ACCESS_VIOLATION (0xc0000005) at pc=0x0000000180005b00, pid=16232, tid=716
#
# JRE version: Java(TM) SE Runtime Environment (11.0.6+8) (build 11.0.6+8-LTS)
# Java VM: Java HotSpot(TM) 64-Bit Server VM (11.0.6+8-LTS, mixed mode, tiered, compressed oops, g1 gc, windows-amd64)
# Problematic frame:
# C  [rxtxSerial.dll+0x5b00]
#
# No core dump will be written. Minidumps are not enabled by default on client versions of Windows
#
# If you would like to submit a bug report, please visit:
#   http://bugreport.java.com/bugreport/crash.jsp
# The crash happened outside the Java Virtual Machine in native code.
# See problematic frame for where to report the bug.
#

---------------  S U M M A R Y ------------

Command Line: -Dfile.encoding=UTF-8 -Djava.library.path=D:\NetBeansProjects\JavaDuckHunt\DuckHunt\lib -agentlib:jdwp=transport=dt_shmem,address=javadebug --module-path=D:\NetBeansProjects\JavaDuckHunt\DuckHunt\build\classes pangolin.revenge.app.Serial

Host: Intel(R) Core(TM) i5-7200U CPU @ 2.50GHz, 4 cores, 7G,  Windows 10 , 64 bit Build 10240 (10.0.10240.16384)
Time: Thu Apr 23 10:06:00 2020 Hora de verano romance elapsed time: 3 seconds (0d 0h 0m 3s)

---------------  T H R E A D  ---------------

Current thread (0x000000c37f794000):  JavaThread "Thread-0" [_thread_in_native, id=716, stack(0x000000c311f00000,0x000000c312000000)]

Stack: [0x000000c311f00000,0x000000c312000000],  sp=0x000000c311ffef80,  free space=1019k
Native frames: (J=compiled Java code, j=interpreted, Vv=VM code, C=native code)
C  [rxtxSerial.dll+0x5b00]

Java frames: (J=compiled Java code, j=interpreted, Vv=VM code)
j  gnu.io.RXTXPort.readByte()I+0
j  gnu.io.RXTXPort$SerialInputStream.read()I+81
j  pangolin.revenge.app.Serial$LeerSerial.run()V+4
j  java.lang.Thread.run()V+11 java.base@11.0.6
v  ~StubRoutines::call_stub

siginfo: EXCEPTION_ACCESS_VIOLATION (0xc0000005), reading address 0x0000000011efeae8


Register to memory mapping:

RIP=0x0000000180005b00 rxtxSerial.dll
RAX=0x0000000000000001 is an unknown value
RBX=0x0 is NULL
RCX=0x000000018001d4d5 rxtxSerial.dll
RDX=0xfffffffffffff665 is an unknown value
RSP=0x000000c311ffef80 is pointing into the stack for thread: 0x000000c37f794000
RBP=
[error occurred during error reporting (printing register info), id 0xc0000005, EXCEPTION_ACCESS_VIOLATION (0xc0000005) at pc=0x00007ffc9ee12f56]

Registers:
RAX=0x0000000000000001, RBX=0x0000000000000000, RCX=0x000000018001d4d5, RDX=0xfffffffffffff665
RSP=0x000000c311ffef80, RBP=0x00000000ffffffff, RSI=0x0000000000000000, RDI=0x000000c37f794340
R8 =0x0000000000000002, R9 =0xfffffffffffff63c, R10=0x000000c37f7c3cb0, R11=0x8101010101010100
R12=0x0000000011efeae0, R13=0x0000000000000001, R14=0x000000c311fff128, R15=0x0000000000000000
RIP=0x0000000180005b00, EFLAGS=0x0000000000010202

Top of Stack: (sp=0x000000c311ffef80)
0x000000c311ffef80:   0000000000000000 0000000000000000
0x000000c311ffef90:   0000000000000000 000000c37f794340
0x000000c311ffefa0:   000000c37f794000 000000c311fff128
0x000000c311ffefb0:   000000c37ee67358 000000c311fff128
0x000000c311ffefc0:   ffffffffffffffff 0000000000000001
0x000000c311ffefd0:   000000c311331b58 0000000180005f3f
0x000000c311ffefe0:   000000c37f794340 000000c37f794340
0x000000c311ffeff0:   0000000000000001 000000c311fff010
0x000000c311fff000:   000000c300000001 000000c3ffffffff
0x000000c311fff010:   000000c37f7678c0 000000c311fff128
0x000000c311fff020:   000000c311fff590 000000c311fff760
0x000000c311fff030:   000000c311fff760 000000c311fff760
0x000000c311fff040:   000000c37ee67360 000000c37f794000
0x000000c311fff050:   0000000000000001 000000c300015921
0x000000c311fff060:   00001dcc7df6424d 000000c37ee67360
0x000000c311fff070:   0000000000000000 0000000000000001 

Instructions: (pc=0x0000000180005b00)
0x0000000180005ae0:   15 23 7a 01 00 48 8d 48 60 e8 3a 5d 00 00 4c 8b
0x0000000180005af0:   e5 8b ac 24 88 00 00 00 44 8b ac 24 80 00 00 00
0x0000000180005b00:   45 8b 74 24 08 41 89 5c 24 08 41 8b fd 85 ed 78
0x0000000180005b10:   09 ff 15 e9 14 01 00 44 8b f8 45 85 ed 7e 4a 90 


Stack slot to memory mapping:
stack at sp + 0 slots: 0x0 is NULL
stack at sp + 1 slots: 0x0 is NULL
stack at sp + 2 slots: 0x0 is NULL
stack at sp + 3 slots: 0x000000c37f794340 points into unknown readable memory: 90 5d 51 9f fc 7f 00 00
stack at sp + 4 slots: 0x000000c37f794000 is a thread
stack at sp + 5 slots: 0x000000c311fff128 is pointing into the stack for thread: 0x000000c37f794000
stack at sp + 6 slots: 0x000000c37ee67358 is pointing into metadata
stack at sp + 7 slots: 0x000000c311fff128 is pointing into the stack for thread: 0x000000c37f794000


---------------  P R O C E S S  ---------------

Threads class SMR info:
_java_thread_list=0x000000c37f7c38f0, length=16, elements={
0x000000c37e875800, 0x000000c37e86b800, 0x000000c37f503800, 0x000000c37e87d800,
0x000000c37e87f800, 0x000000c37e889800, 0x000000c37e894800, 0x000000c37e806000,
0x000000c37f72b000, 0x000000c37f764000, 0x000000c37f7e6000, 0x000000c37f83b000,
0x000000c37f7b9000, 0x000000c37f793800, 0x000000c37f794000, 0x000000c3707fc000
}

Java Threads: ( => current thread )
  0x000000c37e875800 JavaThread "Reference Handler" daemon [_thread_blocked, id=12476, stack(0x000000c37f1c0000,0x000000c37f2c0000)]
  0x000000c37e86b800 JavaThread "Finalizer" daemon [_thread_blocked, id=14192, stack(0x000000c37f2c0000,0x000000c37f3c0000)]
  0x000000c37f503800 JavaThread "Signal Dispatcher" daemon [_thread_blocked, id=14956, stack(0x000000c37f8c0000,0x000000c37f9c0000)]
  0x000000c37e87d800 JavaThread "Attach Listener" daemon [_thread_blocked, id=6568, stack(0x000000c37f9c0000,0x000000c37fac0000)]
  0x000000c37e87f800 JavaThread "C2 CompilerThread0" daemon [_thread_blocked, id=12088, stack(0x000000c37fac0000,0x000000c37fbc0000)]
  0x000000c37e889800 JavaThread "C1 CompilerThread0" daemon [_thread_blocked, id=19332, stack(0x000000c37fbc0000,0x000000c37fcc0000)]
  0x000000c37e894800 JavaThread "Sweeper thread" daemon [_thread_blocked, id=4576, stack(0x000000c37fcc0000,0x000000c37fdc0000)]
  0x000000c37e806000 JavaThread "Common-Cleaner" daemon [_thread_blocked, id=2036, stack(0x000000c37fdc0000,0x000000c37fec0000)]
  0x000000c37f72b000 JavaThread "C2 CompilerThread1" daemon [_thread_blocked, id=15764, stack(0x000000c37fec0000,0x000000c37ffc0000)]
  0x000000c37f764000 JavaThread "JDWP Transport Listener: dt_shmem" daemon [_thread_blocked, id=19160, stack(0x000000c311000000,0x000000c311100000)]
  0x000000c37f7e6000 JavaThread "JDWP Event Helper Thread" daemon [_thread_blocked, id=16584, stack(0x000000c311100000,0x000000c311200000)]
  0x000000c37f83b000 JavaThread "JDWP Command Reader" daemon [_thread_in_native, id=528, stack(0x000000c311200000,0x000000c311300000)]
  0x000000c37f7b9000 JavaThread "Service Thread" daemon [_thread_blocked, id=1624, stack(0x000000c311b00000,0x000000c311c00000)]
  0x000000c37f793800 JavaThread "Thread-1" [_thread_in_native, id=7616, stack(0x000000c311e00000,0x000000c311f00000)]
=>0x000000c37f794000 JavaThread "Thread-0" [_thread_in_native, id=716, stack(0x000000c311f00000,0x000000c312000000)]
  0x000000c3707fc000 JavaThread "DestroyJavaVM" [_thread_blocked, id=9284, stack(0x000000c3705f0000,0x000000c3706f0000)]

Other Threads:
  0x000000c37e83d000 VMThread "VM Thread" [stack: 0x000000c37f0c0000,0x000000c37f1c0000] [id=4108]
  0x000000c37f769800 WatcherThread [stack: 0x000000c311c00000,0x000000c311d00000] [id=2516]
  0x000000c370811000 GCTaskThread "GC Thread#0" [stack: 0x000000c378d80000,0x000000c378e80000] [id=18212]
  0x000000c370841000 ConcurrentGCThread "G1 Main Marker" [stack: 0x000000c37de80000,0x000000c37df80000] [id=17720]
  0x000000c370843800 ConcurrentGCThread "G1 Conc#0" [stack: 0x000000c37df80000,0x000000c37e080000] [id=12880]
  0x000000c3708d7800 ConcurrentGCThread "G1 Refine#0" [stack: 0x000000c37e4c0000,0x000000c37e5c0000] [id=17568]
  0x000000c3708d8800 ConcurrentGCThread "G1 Young RemSet Sampling" [stack: 0x000000c37e5c0000,0x000000c37e6c0000] [id=13284]

Threads with active compile tasks:

VM state:not at safepoint (normal execution)

VM Mutex/Monitor currently owned by a thread: None

Heap address: 0x0000000081400000, size: 2028 MB, Compressed Oops mode: 32-bit
Narrow klass base: 0x0000000000000000, Narrow klass shift: 3
Compressed class space size: 1073741824 Address: 0x0000000100000000

Heap:
 garbage-first heap   total 131072K, used 3072K [0x0000000081400000, 0x0000000100000000)
  region size 1024K, 4 young (4096K), 0 survivors (0K)
 Metaspace       used 6369K, capacity 6505K, committed 6784K, reserved 1056768K
  class space    used 562K, capacity 612K, committed 640K, reserved 1048576K
Heap Regions: E=young(eden), S=young(survivor), O=old, HS=humongous(starts), HC=humongous(continues), CS=collection set, F=free, A=archive, TAMS=top-at-mark-start (previous, next)
|   0|0x0000000081400000, 0x0000000081400000, 0x0000000081500000|  0%| F|  |TAMS 0x0000000081400000, 0x0000000081400000| Untracked 
|   1|0x0000000081500000, 0x0000000081500000, 0x0000000081600000|  0%| F|  |TAMS 0x0000000081500000, 0x0000000081500000| Untracked 
|   2|0x0000000081600000, 0x0000000081600000, 0x0000000081700000|  0%| F|  |TAMS 0x0000000081600000, 0x0000000081600000| Untracked 
|   3|0x0000000081700000, 0x0000000081700000, 0x0000000081800000|  0%| F|  |TAMS 0x0000000081700000, 0x0000000081700000| Untracked 
|   4|0x0000000081800000, 0x0000000081800000, 0x0000000081900000|  0%| F|  |TAMS 0x0000000081800000, 0x0000000081800000| Untracked 
|   5|0x0000000081900000, 0x0000000081900000, 0x0000000081a00000|  0%| F|  |TAMS 0x0000000081900000, 0x0000000081900000| Untracked 
|   6|0x0000000081a00000, 0x0000000081a00000, 0x0000000081b00000|  0%| F|  |TAMS 0x0000000081a00000, 0x0000000081a00000| Untracked 
|   7|0x0000000081b00000, 0x0000000081b00000, 0x0000000081c00000|  0%| F|  |TAMS 0x0000000081b00000, 0x0000000081b00000| Untracked 
|   8|0x0000000081c00000, 0x0000000081c00000, 0x0000000081d00000|  0%| F|  |TAMS 0x0000000081c00000, 0x0000000081c00000| Untracked 
|   9|0x0000000081d00000, 0x0000000081d00000, 0x0000000081e00000|  0%| F|  |TAMS 0x0000000081d00000, 0x0000000081d00000| Untracked 
|  10|0x0000000081e00000, 0x0000000081e00000, 0x0000000081f00000|  0%| F|  |TAMS 0x0000000081e00000, 0x0000000081e00000| Untracked 
|  11|0x0000000081f00000, 0x0000000081f00000, 0x0000000082000000|  0%| F|  |TAMS 0x0000000081f00000, 0x0000000081f00000| Untracked 
|  12|0x0000000082000000, 0x0000000082000000, 0x0000000082100000|  0%| F|  |TAMS 0x0000000082000000, 0x0000000082000000| Untracked 
|  13|0x0000000082100000, 0x0000000082100000, 0x0000000082200000|  0%| F|  |TAMS 0x0000000082100000, 0x0000000082100000| Untracked 
|  14|0x0000000082200000, 0x0000000082200000, 0x0000000082300000|  0%| F|  |TAMS 0x0000000082200000, 0x0000000082200000| Untracked 
|  15|0x0000000082300000, 0x0000000082300000, 0x0000000082400000|  0%| F|  |TAMS 0x0000000082300000, 0x0000000082300000| Untracked 
|  16|0x0000000082400000, 0x0000000082400000, 0x0000000082500000|  0%| F|  |TAMS 0x0000000082400000, 0x0000000082400000| Untracked 
|  17|0x0000000082500000, 0x0000000082500000, 0x0000000082600000|  0%| F|  |TAMS 0x0000000082500000, 0x0000000082500000| Untracked 
|  18|0x0000000082600000, 0x0000000082600000, 0x0000000082700000|  0%| F|  |TAMS 0x0000000082600000, 0x0000000082600000| Untracked 
|  19|0x0000000082700000, 0x0000000082700000, 0x0000000082800000|  0%| F|  |TAMS 0x0000000082700000, 0x0000000082700000| Untracked 
|  20|0x0000000082800000, 0x0000000082800000, 0x0000000082900000|  0%| F|  |TAMS 0x0000000082800000, 0x0000000082800000| Untracked 
|  21|0x0000000082900000, 0x0000000082900000, 0x0000000082a00000|  0%| F|  |TAMS 0x0000000082900000, 0x0000000082900000| Untracked 
|  22|0x0000000082a00000, 0x0000000082a00000, 0x0000000082b00000|  0%| F|  |TAMS 0x0000000082a00000, 0x0000000082a00000| Untracked 
|  23|0x0000000082b00000, 0x0000000082b00000, 0x0000000082c00000|  0%| F|  |TAMS 0x0000000082b00000, 0x0000000082b00000| Untracked 
|  24|0x0000000082c00000, 0x0000000082c00000, 0x0000000082d00000|  0%| F|  |TAMS 0x0000000082c00000, 0x0000000082c00000| Untracked 
|  25|0x0000000082d00000, 0x0000000082d00000, 0x0000000082e00000|  0%| F|  |TAMS 0x0000000082d00000, 0x0000000082d00000| Untracked 
|  26|0x0000000082e00000, 0x0000000082e00000, 0x0000000082f00000|  0%| F|  |TAMS 0x0000000082e00000, 0x0000000082e00000| Untracked 
|  27|0x0000000082f00000, 0x0000000082f00000, 0x0000000083000000|  0%| F|  |TAMS 0x0000000082f00000, 0x0000000082f00000| Untracked 
|  28|0x0000000083000000, 0x0000000083000000, 0x0000000083100000|  0%| F|  |TAMS 0x0000000083000000, 0x0000000083000000| Untracked 
|  29|0x0000000083100000, 0x0000000083100000, 0x0000000083200000|  0%| F|  |TAMS 0x0000000083100000, 0x0000000083100000| Untracked 
|  30|0x0000000083200000, 0x0000000083200000, 0x0000000083300000|  0%| F|  |TAMS 0x0000000083200000, 0x0000000083200000| Untracked 
|  31|0x0000000083300000, 0x0000000083300000, 0x0000000083400000|  0%| F|  |TAMS 0x0000000083300000, 0x0000000083300000| Untracked 
|  32|0x0000000083400000, 0x0000000083400000, 0x0000000083500000|  0%| F|  |TAMS 0x0000000083400000, 0x0000000083400000| Untracked 
|  33|0x0000000083500000, 0x0000000083500000, 0x0000000083600000|  0%| F|  |TAMS 0x0000000083500000, 0x0000000083500000| Untracked 
|  34|0x0000000083600000, 0x0000000083600000, 0x0000000083700000|  0%| F|  |TAMS 0x0000000083600000, 0x0000000083600000| Untracked 
|  35|0x0000000083700000, 0x0000000083700000, 0x0000000083800000|  0%| F|  |TAMS 0x0000000083700000, 0x0000000083700000| Untracked 
|  36|0x0000000083800000, 0x0000000083800000, 0x0000000083900000|  0%| F|  |TAMS 0x0000000083800000, 0x0000000083800000| Untracked 
|  37|0x0000000083900000, 0x0000000083900000, 0x0000000083a00000|  0%| F|  |TAMS 0x0000000083900000, 0x0000000083900000| Untracked 
|  38|0x0000000083a00000, 0x0000000083a00000, 0x0000000083b00000|  0%| F|  |TAMS 0x0000000083a00000, 0x0000000083a00000| Untracked 
|  39|0x0000000083b00000, 0x0000000083b00000, 0x0000000083c00000|  0%| F|  |TAMS 0x0000000083b00000, 0x0000000083b00000| Untracked 
|  40|0x0000000083c00000, 0x0000000083c00000, 0x0000000083d00000|  0%| F|  |TAMS 0x0000000083c00000, 0x0000000083c00000| Untracked 
|  41|0x0000000083d00000, 0x0000000083d00000, 0x0000000083e00000|  0%| F|  |TAMS 0x0000000083d00000, 0x0000000083d00000| Untracked 
|  42|0x0000000083e00000, 0x0000000083e00000, 0x0000000083f00000|  0%| F|  |TAMS 0x0000000083e00000, 0x0000000083e00000| Untracked 
|  43|0x0000000083f00000, 0x0000000083f00000, 0x0000000084000000|  0%| F|  |TAMS 0x0000000083f00000, 0x0000000083f00000| Untracked 
|  44|0x0000000084000000, 0x0000000084000000, 0x0000000084100000|  0%| F|  |TAMS 0x0000000084000000, 0x0000000084000000| Untracked 
|  45|0x0000000084100000, 0x0000000084100000, 0x0000000084200000|  0%| F|  |TAMS 0x0000000084100000, 0x0000000084100000| Untracked 
|  46|0x0000000084200000, 0x0000000084200000, 0x0000000084300000|  0%| F|  |TAMS 0x0000000084200000, 0x0000000084200000| Untracked 
|  47|0x0000000084300000, 0x0000000084300000, 0x0000000084400000|  0%| F|  |TAMS 0x0000000084300000, 0x0000000084300000| Untracked 
|  48|0x0000000084400000, 0x0000000084400000, 0x0000000084500000|  0%| F|  |TAMS 0x0000000084400000, 0x0000000084400000| Untracked 
|  49|0x0000000084500000, 0x0000000084500000, 0x0000000084600000|  0%| F|  |TAMS 0x0000000084500000, 0x0000000084500000| Untracked 
|  50|0x0000000084600000, 0x0000000084600000, 0x0000000084700000|  0%| F|  |TAMS 0x0000000084600000, 0x0000000084600000| Untracked 
|  51|0x0000000084700000, 0x0000000084700000, 0x0000000084800000|  0%| F|  |TAMS 0x0000000084700000, 0x0000000084700000| Untracked 
|  52|0x0000000084800000, 0x0000000084800000, 0x0000000084900000|  0%| F|  |TAMS 0x0000000084800000, 0x0000000084800000| Untracked 
|  53|0x0000000084900000, 0x0000000084900000, 0x0000000084a00000|  0%| F|  |TAMS 0x0000000084900000, 0x0000000084900000| Untracked 
|  54|0x0000000084a00000, 0x0000000084a00000, 0x0000000084b00000|  0%| F|  |TAMS 0x0000000084a00000, 0x0000000084a00000| Untracked 
|  55|0x0000000084b00000, 0x0000000084b00000, 0x0000000084c00000|  0%| F|  |TAMS 0x0000000084b00000, 0x0000000084b00000| Untracked 
|  56|0x0000000084c00000, 0x0000000084c00000, 0x0000000084d00000|  0%| F|  |TAMS 0x0000000084c00000, 0x0000000084c00000| Untracked 
|  57|0x0000000084d00000, 0x0000000084d00000, 0x0000000084e00000|  0%| F|  |TAMS 0x0000000084d00000, 0x0000000084d00000| Untracked 
|  58|0x0000000084e00000, 0x0000000084e00000, 0x0000000084f00000|  0%| F|  |TAMS 0x0000000084e00000, 0x0000000084e00000| Untracked 
|  59|0x0000000084f00000, 0x0000000084f00000, 0x0000000085000000|  0%| F|  |TAMS 0x0000000084f00000, 0x0000000084f00000| Untracked 
|  60|0x0000000085000000, 0x0000000085000000, 0x0000000085100000|  0%| F|  |TAMS 0x0000000085000000, 0x0000000085000000| Untracked 
|  61|0x0000000085100000, 0x0000000085100000, 0x0000000085200000|  0%| F|  |TAMS 0x0000000085100000, 0x0000000085100000| Untracked 
|  62|0x0000000085200000, 0x0000000085200000, 0x0000000085300000|  0%| F|  |TAMS 0x0000000085200000, 0x0000000085200000| Untracked 
|  63|0x0000000085300000, 0x0000000085300000, 0x0000000085400000|  0%| F|  |TAMS 0x0000000085300000, 0x0000000085300000| Untracked 
|  64|0x0000000085400000, 0x0000000085400000, 0x0000000085500000|  0%| F|  |TAMS 0x0000000085400000, 0x0000000085400000| Untracked 
|  65|0x0000000085500000, 0x0000000085500000, 0x0000000085600000|  0%| F|  |TAMS 0x0000000085500000, 0x0000000085500000| Untracked 
|  66|0x0000000085600000, 0x0000000085600000, 0x0000000085700000|  0%| F|  |TAMS 0x0000000085600000, 0x0000000085600000| Untracked 
|  67|0x0000000085700000, 0x0000000085700000, 0x0000000085800000|  0%| F|  |TAMS 0x0000000085700000, 0x0000000085700000| Untracked 
|  68|0x0000000085800000, 0x0000000085800000, 0x0000000085900000|  0%| F|  |TAMS 0x0000000085800000, 0x0000000085800000| Untracked 
|  69|0x0000000085900000, 0x0000000085900000, 0x0000000085a00000|  0%| F|  |TAMS 0x0000000085900000, 0x0000000085900000| Untracked 
|  70|0x0000000085a00000, 0x0000000085a00000, 0x0000000085b00000|  0%| F|  |TAMS 0x0000000085a00000, 0x0000000085a00000| Untracked 
|  71|0x0000000085b00000, 0x0000000085b00000, 0x0000000085c00000|  0%| F|  |TAMS 0x0000000085b00000, 0x0000000085b00000| Untracked 
|  72|0x0000000085c00000, 0x0000000085c00000, 0x0000000085d00000|  0%| F|  |TAMS 0x0000000085c00000, 0x0000000085c00000| Untracked 
|  73|0x0000000085d00000, 0x0000000085d00000, 0x0000000085e00000|  0%| F|  |TAMS 0x0000000085d00000, 0x0000000085d00000| Untracked 
|  74|0x0000000085e00000, 0x0000000085e00000, 0x0000000085f00000|  0%| F|  |TAMS 0x0000000085e00000, 0x0000000085e00000| Untracked 
|  75|0x0000000085f00000, 0x0000000085f00000, 0x0000000086000000|  0%| F|  |TAMS 0x0000000085f00000, 0x0000000085f00000| Untracked 
|  76|0x0000000086000000, 0x0000000086000000, 0x0000000086100000|  0%| F|  |TAMS 0x0000000086000000, 0x0000000086000000| Untracked 
|  77|0x0000000086100000, 0x0000000086100000, 0x0000000086200000|  0%| F|  |TAMS 0x0000000086100000, 0x0000000086100000| Untracked 
|  78|0x0000000086200000, 0x0000000086200000, 0x0000000086300000|  0%| F|  |TAMS 0x0000000086200000, 0x0000000086200000| Untracked 
|  79|0x0000000086300000, 0x0000000086300000, 0x0000000086400000|  0%| F|  |TAMS 0x0000000086300000, 0x0000000086300000| Untracked 
|  80|0x0000000086400000, 0x0000000086400000, 0x0000000086500000|  0%| F|  |TAMS 0x0000000086400000, 0x0000000086400000| Untracked 
|  81|0x0000000086500000, 0x0000000086500000, 0x0000000086600000|  0%| F|  |TAMS 0x0000000086500000, 0x0000000086500000| Untracked 
|  82|0x0000000086600000, 0x0000000086600000, 0x0000000086700000|  0%| F|  |TAMS 0x0000000086600000, 0x0000000086600000| Untracked 
|  83|0x0000000086700000, 0x0000000086700000, 0x0000000086800000|  0%| F|  |TAMS 0x0000000086700000, 0x0000000086700000| Untracked 
|  84|0x0000000086800000, 0x0000000086800000, 0x0000000086900000|  0%| F|  |TAMS 0x0000000086800000, 0x0000000086800000| Untracked 
|  85|0x0000000086900000, 0x0000000086900000, 0x0000000086a00000|  0%| F|  |TAMS 0x0000000086900000, 0x0000000086900000| Untracked 
|  86|0x0000000086a00000, 0x0000000086a00000, 0x0000000086b00000|  0%| F|  |TAMS 0x0000000086a00000, 0x0000000086a00000| Untracked 
|  87|0x0000000086b00000, 0x0000000086b00000, 0x0000000086c00000|  0%| F|  |TAMS 0x0000000086b00000, 0x0000000086b00000| Untracked 
|  88|0x0000000086c00000, 0x0000000086c00000, 0x0000000086d00000|  0%| F|  |TAMS 0x0000000086c00000, 0x0000000086c00000| Untracked 
|  89|0x0000000086d00000, 0x0000000086d00000, 0x0000000086e00000|  0%| F|  |TAMS 0x0000000086d00000, 0x0000000086d00000| Untracked 
|  90|0x0000000086e00000, 0x0000000086e00000, 0x0000000086f00000|  0%| F|  |TAMS 0x0000000086e00000, 0x0000000086e00000| Untracked 
|  91|0x0000000086f00000, 0x0000000086f00000, 0x0000000087000000|  0%| F|  |TAMS 0x0000000086f00000, 0x0000000086f00000| Untracked 
|  92|0x0000000087000000, 0x0000000087000000, 0x0000000087100000|  0%| F|  |TAMS 0x0000000087000000, 0x0000000087000000| Untracked 
|  93|0x0000000087100000, 0x0000000087100000, 0x0000000087200000|  0%| F|  |TAMS 0x0000000087100000, 0x0000000087100000| Untracked 
|  94|0x0000000087200000, 0x0000000087200000, 0x0000000087300000|  0%| F|  |TAMS 0x0000000087200000, 0x0000000087200000| Untracked 
|  95|0x0000000087300000, 0x0000000087300000, 0x0000000087400000|  0%| F|  |TAMS 0x0000000087300000, 0x0000000087300000| Untracked 
|  96|0x0000000087400000, 0x0000000087400000, 0x0000000087500000|  0%| F|  |TAMS 0x0000000087400000, 0x0000000087400000| Untracked 
|  97|0x0000000087500000, 0x0000000087500000, 0x0000000087600000|  0%| F|  |TAMS 0x0000000087500000, 0x0000000087500000| Untracked 
|  98|0x0000000087600000, 0x0000000087600000, 0x0000000087700000|  0%| F|  |TAMS 0x0000000087600000, 0x0000000087600000| Untracked 
|  99|0x0000000087700000, 0x0000000087700000, 0x0000000087800000|  0%| F|  |TAMS 0x0000000087700000, 0x0000000087700000| Untracked 
| 100|0x0000000087800000, 0x0000000087800000, 0x0000000087900000|  0%| F|  |TAMS 0x0000000087800000, 0x0000000087800000| Untracked 
| 101|0x0000000087900000, 0x0000000087900000, 0x0000000087a00000|  0%| F|  |TAMS 0x0000000087900000, 0x0000000087900000| Untracked 
| 102|0x0000000087a00000, 0x0000000087a00000, 0x0000000087b00000|  0%| F|  |TAMS 0x0000000087a00000, 0x0000000087a00000| Untracked 
| 103|0x0000000087b00000, 0x0000000087b00000, 0x0000000087c00000|  0%| F|  |TAMS 0x0000000087b00000, 0x0000000087b00000| Untracked 
| 104|0x0000000087c00000, 0x0000000087c00000, 0x0000000087d00000|  0%| F|  |TAMS 0x0000000087c00000, 0x0000000087c00000| Untracked 
| 105|0x0000000087d00000, 0x0000000087d00000, 0x0000000087e00000|  0%| F|  |TAMS 0x0000000087d00000, 0x0000000087d00000| Untracked 
| 106|0x0000000087e00000, 0x0000000087e00000, 0x0000000087f00000|  0%| F|  |TAMS 0x0000000087e00000, 0x0000000087e00000| Untracked 
| 107|0x0000000087f00000, 0x0000000087f00000, 0x0000000088000000|  0%| F|  |TAMS 0x0000000087f00000, 0x0000000087f00000| Untracked 
| 108|0x0000000088000000, 0x0000000088000000, 0x0000000088100000|  0%| F|  |TAMS 0x0000000088000000, 0x0000000088000000| Untracked 
| 109|0x0000000088100000, 0x0000000088100000, 0x0000000088200000|  0%| F|  |TAMS 0x0000000088100000, 0x0000000088100000| Untracked 
| 110|0x0000000088200000, 0x0000000088200000, 0x0000000088300000|  0%| F|  |TAMS 0x0000000088200000, 0x0000000088200000| Untracked 
| 111|0x0000000088300000, 0x0000000088300000, 0x0000000088400000|  0%| F|  |TAMS 0x0000000088300000, 0x0000000088300000| Untracked 
| 112|0x0000000088400000, 0x0000000088400000, 0x0000000088500000|  0%| F|  |TAMS 0x0000000088400000, 0x0000000088400000| Untracked 
| 113|0x0000000088500000, 0x0000000088500000, 0x0000000088600000|  0%| F|  |TAMS 0x0000000088500000, 0x0000000088500000| Untracked 
| 114|0x0000000088600000, 0x0000000088600000, 0x0000000088700000|  0%| F|  |TAMS 0x0000000088600000, 0x0000000088600000| Untracked 
| 115|0x0000000088700000, 0x0000000088700000, 0x0000000088800000|  0%| F|  |TAMS 0x0000000088700000, 0x0000000088700000| Untracked 
| 116|0x0000000088800000, 0x0000000088800000, 0x0000000088900000|  0%| F|  |TAMS 0x0000000088800000, 0x0000000088800000| Untracked 
| 117|0x0000000088900000, 0x0000000088900000, 0x0000000088a00000|  0%| F|  |TAMS 0x0000000088900000, 0x0000000088900000| Untracked 
| 118|0x0000000088a00000, 0x0000000088a00000, 0x0000000088b00000|  0%| F|  |TAMS 0x0000000088a00000, 0x0000000088a00000| Untracked 
| 119|0x0000000088b00000, 0x0000000088b00000, 0x0000000088c00000|  0%| F|  |TAMS 0x0000000088b00000, 0x0000000088b00000| Untracked 
| 120|0x0000000088c00000, 0x0000000088c00000, 0x0000000088d00000|  0%| F|  |TAMS 0x0000000088c00000, 0x0000000088c00000| Untracked 
| 121|0x0000000088d00000, 0x0000000088d00000, 0x0000000088e00000|  0%| F|  |TAMS 0x0000000088d00000, 0x0000000088d00000| Untracked 
| 122|0x0000000088e00000, 0x0000000088e00000, 0x0000000088f00000|  0%| F|  |TAMS 0x0000000088e00000, 0x0000000088e00000| Untracked 
| 123|0x0000000088f00000, 0x0000000088f00000, 0x0000000089000000|  0%| F|  |TAMS 0x0000000088f00000, 0x0000000088f00000| Untracked 
| 124|0x0000000089000000, 0x0000000089000800, 0x0000000089100000|  0%| E|  |TAMS 0x0000000089000000, 0x0000000089000000| Complete 
| 125|0x0000000089100000, 0x0000000089200000, 0x0000000089200000|100%| E|CS|TAMS 0x0000000089100000, 0x0000000089100000| Complete 
| 126|0x0000000089200000, 0x0000000089300000, 0x0000000089300000|100%| E|CS|TAMS 0x0000000089200000, 0x0000000089200000| Complete 
| 127|0x0000000089300000, 0x0000000089400000, 0x0000000089400000|100%| E|CS|TAMS 0x0000000089300000, 0x0000000089300000| Complete 

Card table byte_map: [0x000000c3796d0000,0x000000c379ad0000] _byte_map_base: 0x000000c3792c6000

Marking Bits (Prev, Next): (CMBitMap*) 0x000000c3708385e8, (CMBitMap*) 0x000000c370838620
 Prev Bits: [0x000000c379ed0000, 0x000000c37be80000)
 Next Bits: [0x000000c37be80000, 0x000000c37de30000)

Polling page: 0x000000c36ee60000

Metaspace:

Usage:
  Non-class:      5.75 MB capacity,     5.67 MB ( 99%) used,    81.38 KB (  1%) free+waste,     4.56 KB ( <1%) overhead. 
      Class:    612.00 KB capacity,   562.41 KB ( 92%) used,    47.41 KB (  8%) free+waste,     2.19 KB ( <1%) overhead. 
       Both:      6.35 MB capacity,     6.22 MB ( 98%) used,   128.78 KB (  2%) free+waste,     6.75 KB ( <1%) overhead. 

Virtual space:
  Non-class space:        8.00 MB reserved,       6.00 MB ( 75%) committed 
      Class space:        1.00 GB reserved,     640.00 KB ( <1%) committed 
             Both:        1.01 GB reserved,       6.63 MB ( <1%) committed 

Chunk freelists:
   Non-Class:  7.38 KB
       Class:  3.50 KB
        Both:  10.88 KB

CodeHeap 'non-profiled nmethods': size=120064Kb used=83Kb max_used=83Kb free=119980Kb
 bounds [0x000000c307ac0000, 0x000000c307d30000, 0x000000c30f000000]
CodeHeap 'profiled nmethods': size=120000Kb used=322Kb max_used=322Kb free=119677Kb
 bounds [0x000000c300590000, 0x000000c300800000, 0x000000c307ac0000]
CodeHeap 'non-nmethods': size=5696Kb used=1129Kb max_used=1141Kb free=4566Kb
 bounds [0x000000c300000000, 0x000000c300270000, 0x000000c300590000]
 total_blobs=656 nmethods=254 adapters=247
 compilation: enabled
              stopped_count=0, restarted_count=0
 full_count=0

Compilation events (10 events):
Event: 0.231 Thread 0x000000c37e889800  249       3       java.lang.String::lastIndexOf (29 bytes)
Event: 0.232 Thread 0x000000c37e889800 nmethod 249 0x000000c3005df290 code [0x000000c3005df460, 0x000000c3005df780]
Event: 0.233 Thread 0x000000c37e889800  250       3       java.lang.String::lastIndexOf (12 bytes)
Event: 0.233 Thread 0x000000c37e889800 nmethod 250 0x000000c3005df890 code [0x000000c3005dfa80, 0x000000c3005dff00]
Event: 0.234 Thread 0x000000c37e889800  251       3       jdk.internal.misc.Unsafe::putObjectRelease (9 bytes)
Event: 0.234 Thread 0x000000c37e889800 nmethod 251 0x000000c3005e0090 code [0x000000c3005e0240, 0x000000c3005e03f8]
Event: 0.234 Thread 0x000000c37e889800  253       3       java.util.concurrent.ConcurrentHashMap::setTabAt (20 bytes)
Event: 0.234 Thread 0x000000c37e87f800  254       4       java.lang.String::isLatin1 (19 bytes)
Event: 0.234 Thread 0x000000c37e889800 nmethod 253 0x000000c3005e0490 code [0x000000c3005e0640, 0x000000c3005e0918]
Event: 0.234 Thread 0x000000c37e87f800 nmethod 254 0x000000c307ad4b10 code [0x000000c307ad4ca0, 0x000000c307ad4d18]

GC Heap History (0 events):
No events

Deoptimization events (2 events):
Event: 0.192 Thread 0x000000c3707fc000 Uncommon trap: reason=unstable_if action=reinterpret pc=0x000000c307ac5e78 method=java.lang.String.isLatin1()Z @ 10 c2
Event: 0.217 Thread 0x000000c3707fc000 Uncommon trap: reason=class_check action=maybe_recompile pc=0x000000c307ad1380 method=java.util.HashMap.putVal(ILjava/lang/Object;Ljava/lang/Object;ZZ)Ljava/lang/Object; @ 152 c2

Classes redefined (0 events):
No events

Internal exceptions (7 events):
Event: 0.154 Thread 0x000000c3707fc000 Exception <a 'sun/nio/fs/WindowsException'{0x00000000892490b8}> (0x00000000892490b8) thrown at [t:/workspace/open/src/hotspot/share/prims/jni.cpp, line 615]
Event: 0.155 Thread 0x000000c3707fc000 Exception <a 'sun/nio/fs/WindowsException'{0x00000000892495a8}> (0x00000000892495a8) thrown at [t:/workspace/open/src/hotspot/share/prims/jni.cpp, line 615]
Event: 0.156 Thread 0x000000c3707fc000 Exception <a 'sun/nio/fs/WindowsException'{0x000000008924b6e8}> (0x000000008924b6e8) thrown at [t:/workspace/open/src/hotspot/share/prims/jni.cpp, line 615]
Event: 0.219 Thread 0x000000c3707fc000 Exception <a 'java/io/FileNotFoundException'{0x000000008911fc58}> (0x000000008911fc58) thrown at [t:/workspace/open/src/hotspot/share/prims/jni.cpp, line 615]
Event: 0.223 Thread 0x000000c3707fc000 Exception <a 'java/io/FileNotFoundException'{0x0000000089131950}> (0x0000000089131950) thrown at [t:/workspace/open/src/hotspot/share/prims/jni.cpp, line 615]
Event: 0.224 Thread 0x000000c3707fc000 Exception <a 'java/io/FileNotFoundException'{0x000000008913feb0}> (0x000000008913feb0) thrown at [t:/workspace/open/src/hotspot/share/prims/jni.cpp, line 615]
Event: 0.226 Thread 0x000000c3707fc000 Exception <a 'java/io/FileNotFoundException'{0x0000000089151808}> (0x0000000089151808) thrown at [t:/workspace/open/src/hotspot/share/prims/jni.cpp, line 615]

Events (10 events):
Event: 3.855 Executing nested VM operation: EnterInterpOnlyMode done
Event: 3.855 Executing VM operation: SetFramePop done
Event: 3.855 Executing VM operation: GetFrameLocation
Event: 3.855 Executing VM operation: GetFrameLocation done
Event: 3.855 Executing VM operation: GetCurrentLocation
Event: 3.855 Executing VM operation: GetCurrentLocation done
Event: 3.855 Executing VM operation: ChangeSingleStep
Event: 3.855 Executing VM operation: ChangeSingleStep done
Event: 3.857 Executing VM operation: ChangeSingleStep
Event: 3.857 Executing VM operation: ChangeSingleStep done


Dynamic libraries:
0x00007ff71cfd0000 - 0x00007ff71d017000 	C:\Program Files\Java\jdk-11.0.6\bin\java.exe
0x00007ffcc5fb0000 - 0x00007ffcc6171000 	C:\Windows\SYSTEM32\ntdll.dll
0x00007ffcc3c20000 - 0x00007ffcc3ccd000 	C:\Windows\system32\KERNEL32.DLL
0x00007ffcc2e70000 - 0x00007ffcc304d000 	C:\Windows\system32\KERNELBASE.dll
0x00007ffcc4670000 - 0x00007ffcc4716000 	C:\Windows\system32\ADVAPI32.dll
0x00007ffcc3ee0000 - 0x00007ffcc3f7d000 	C:\Windows\system32\msvcrt.dll
0x00007ffcc4020000 - 0x00007ffcc407b000 	C:\Windows\system32\sechost.dll
0x00007ffcc3680000 - 0x00007ffcc37a6000 	C:\Windows\system32\RPCRT4.dll
0x00007ffcc5c50000 - 0x00007ffcc5d9e000 	C:\Windows\system32\USER32.dll
0x00007ffcc44e0000 - 0x00007ffcc4666000 	C:\Windows\system32\GDI32.dll
0x00007ffcbe010000 - 0x00007ffcbe284000 	C:\Windows\WinSxS\amd64_microsoft.windows.common-controls_6595b64144ccf1df_6.0.10240.16384_none_f41f7b285750ef43\COMCTL32.dll
0x00007ffcbe2a0000 - 0x00007ffcbe2aa000 	C:\Windows\SYSTEM32\VERSION.dll
0x00007ffcc3fe0000 - 0x00007ffcc4016000 	C:\Windows\system32\IMM32.DLL
0x00007ffcc37b0000 - 0x00007ffcc390c000 	C:\Windows\system32\MSCTF.dll
0x00007ffcc0bf0000 - 0x00007ffcc0c06000 	C:\Program Files\Java\jdk-11.0.6\bin\vcruntime140.dll
0x00007ffcb7ea0000 - 0x00007ffcb7f92000 	C:\Windows\SYSTEM32\ucrtbase.dll
0x00007ffcaf190000 - 0x00007ffcaf23a000 	C:\Program Files\Java\jdk-11.0.6\bin\msvcp140.dll
0x00007ffc9eb20000 - 0x00007ffc9f649000 	C:\Program Files\Java\jdk-11.0.6\bin\server\jvm.dll
0x00007ffcc4250000 - 0x00007ffcc4258000 	C:\Windows\system32\PSAPI.DLL
0x00007ffcbfbd0000 - 0x00007ffcbfbd9000 	C:\Windows\SYSTEM32\WSOCK32.dll
0x00007ffcc5e60000 - 0x00007ffcc5ec9000 	C:\Windows\system32\WS2_32.dll
0x00007ffcc3910000 - 0x00007ffcc3918000 	C:\Windows\system32\NSI.dll
0x00007ffcc01a0000 - 0x00007ffcc01c3000 	C:\Windows\SYSTEM32\WINMM.dll
0x00007ffcc0090000 - 0x00007ffcc00bc000 	C:\Windows\SYSTEM32\WINMMBASE.dll
0x00007ffcc2ae0000 - 0x00007ffcc2b24000 	C:\Windows\system32\cfgmgr32.dll
0x00007ffcc12b0000 - 0x00007ffcc12d7000 	C:\Windows\SYSTEM32\DEVOBJ.dll
0x00007ffcc2a00000 - 0x00007ffcc2a0f000 	C:\Windows\system32\kernel.appcore.dll
0x00007ffcbc770000 - 0x00007ffcbc781000 	C:\Program Files\Java\jdk-11.0.6\bin\verify.dll
0x00007ffcbf5c0000 - 0x00007ffcbf74a000 	C:\Windows\SYSTEM32\DBGHELP.DLL
0x00007ffcb8f60000 - 0x00007ffcb8f85000 	C:\Windows\SYSTEM32\dbgcore.DLL
0x00007ffcbe5f0000 - 0x00007ffcbe619000 	C:\Program Files\Java\jdk-11.0.6\bin\java.dll
0x00007ffcba1c0000 - 0x00007ffcba1f7000 	C:\Program Files\Java\jdk-11.0.6\bin\jdwp.dll
0x00007ffcbba90000 - 0x00007ffcbbaa6000 	C:\Program Files\Java\jdk-11.0.6\bin\zip.dll
0x00007ffcc0e60000 - 0x00007ffcc0e6a000 	C:\Program Files\Java\jdk-11.0.6\bin\jimage.dll
0x00007ffcc4720000 - 0x00007ffcc5c42000 	C:\Windows\system32\SHELL32.dll
0x00007ffcc3050000 - 0x00007ffcc3679000 	C:\Windows\system32\windows.storage.dll
0x00007ffcc3920000 - 0x00007ffcc3b9c000 	C:\Windows\system32\combase.dll
0x00007ffcc4480000 - 0x00007ffcc44d1000 	C:\Windows\system32\shlwapi.dll
0x00007ffcc2d00000 - 0x00007ffcc2db3000 	C:\Windows\system32\shcore.dll
0x00007ffcc2a30000 - 0x00007ffcc2a7a000 	C:\Windows\system32\powrprof.dll
0x00007ffcc2a10000 - 0x00007ffcc2a23000 	C:\Windows\system32\profapi.dll
0x00007ffcb6e90000 - 0x00007ffcb6ea9000 	C:\Program Files\Java\jdk-11.0.6\bin\net.dll
0x00007ffcbdb10000 - 0x00007ffcbdbe6000 	C:\Windows\SYSTEM32\WINHTTP.dll
0x00007ffcc21f0000 - 0x00007ffcc224d000 	C:\Windows\system32\mswsock.dll
0x00007ffcb6e50000 - 0x00007ffcb6e63000 	C:\Program Files\Java\jdk-11.0.6\bin\nio.dll
0x00007ffcc0f20000 - 0x00007ffcc0f2b000 	C:\Program Files\Java\jdk-11.0.6\bin\dt_shmem.dll
0x0000000180000000 - 0x0000000180025000 	D:\NetBeansProjects\JavaDuckHunt\DuckHunt\lib\rxtxSerial.dll

dbghelp: loaded successfully - version: 4.0.5 - missing functions: none
symbol engine: initialized successfully - sym options: 0x614 - pdb path: .;C:\Program Files\Java\jdk-11.0.6\bin;C:\Windows\SYSTEM32;C:\Windows\WinSxS\amd64_microsoft.windows.common-controls_6595b64144ccf1df_6.0.10240.16384_none_f41f7b285750ef43;C:\Program Files\Java\jdk-11.0.6\bin\server;D:\NetBeansProjects\JavaDuckHunt\DuckHunt\lib

VM Arguments:
jvm_args: -Dfile.encoding=UTF-8 -Djava.library.path=D:\NetBeansProjects\JavaDuckHunt\DuckHunt\lib -agentlib:jdwp=transport=dt_shmem,address=javadebug --module-path=D:\NetBeansProjects\JavaDuckHunt\DuckHunt\build\classes 
java_command: pangolin.revenge.app.Serial
java_class_path (initial): D:\NetBeansProjects\JavaDuckHunt\DuckHunt\lib\RXTXcomm.jar;D:\NetBeansProjects\JavaDuckHunt\DuckHunt\build\classes
Launcher Type: SUN_STANDARD

[Global flags]
     intx CICompilerCount                          = 3                                         {product} {ergonomic}
     uint ConcGCThreads                            = 1                                         {product} {ergonomic}
     uint G1ConcRefinementThreads                  = 4                                         {product} {ergonomic}
   size_t G1HeapRegionSize                         = 1048576                                   {product} {ergonomic}
    uintx GCDrainStackTargetSize                   = 64                                        {product} {ergonomic}
   size_t InitialHeapSize                          = 134217728                                 {product} {ergonomic}
   size_t MarkStackSize                            = 4194304                                   {product} {ergonomic}
   size_t MaxHeapSize                              = 2126512128                                {product} {ergonomic}
   size_t MaxNewSize                               = 1275068416                                {product} {ergonomic}
   size_t MinHeapDeltaBytes                        = 1048576                                   {product} {ergonomic}
    uintx NonNMethodCodeHeapSize                   = 5830732                                {pd product} {ergonomic}
    uintx NonProfiledCodeHeapSize                  = 122913754                              {pd product} {ergonomic}
    uintx ProfiledCodeHeapSize                     = 122913754                              {pd product} {ergonomic}
    uintx ReservedCodeCacheSize                    = 251658240                              {pd product} {ergonomic}
     bool SegmentedCodeCache                       = true                                      {product} {ergonomic}
     bool UseCompressedClassPointers               = true                                 {lp64_product} {ergonomic}
     bool UseCompressedOops                        = true                                 {lp64_product} {ergonomic}
     bool UseG1GC                                  = true                                      {product} {ergonomic}
     bool UseLargePagesIndividualAllocation        = false                                  {pd product} {ergonomic}

Logging:
Log output configuration:
 #0: stdout all=warning uptime,level,tags
 #1: stderr all=off uptime,level,tags

Environment Variables:
PATH=C:\Program Files (x86)\Common Files\Oracle\Java\javapath;C:\Windows\system32;C:\Windows;C:\Windows\System32\Wbem;C:\Windows\System32\WindowsPowerShell\v1.0\;C:\Program Files\Git\cmd
USERNAME=David
OS=Windows_NT
PROCESSOR_IDENTIFIER=Intel64 Family 6 Model 142 Stepping 9, GenuineIntel



---------------  S Y S T E M  ---------------

OS: Windows 10 , 64 bit Build 10240 (10.0.10240.16384)

CPU:total 4 (initial active 4) (2 cores per cpu, 2 threads per core) family 6 model 142 stepping 9, cmov, cx8, fxsr, mmx, sse, sse2, sse3, ssse3, sse4.1, sse4.2, popcnt, avx, avx2, aes, clmul, erms, 3dnowpref, lzcnt, ht, tsc, tscinvbit, bmi1, bmi2, adx, fma

Memory: 4k page, system-wide physical 8107M (4682M free)
TotalPageFile size 12153M (AvailPageFile size 8332M)
current process WorkingSet (physical memory assigned to process): 37M, peak: 37M
current process commit charge ("private bytes"): 199M, peak: 199M

vm_info: Java HotSpot(TM) 64-Bit Server VM (11.0.6+8-LTS) for windows-amd64 JRE (11.0.6+8-LTS), built on Dec 11 2019 09:17:57 by "mach5one" with MS VC++ 15.5 (VS2017)

END.
