#
# A fatal error has been detected by the Java Runtime Environment:
#
#  EXCEPTION_ACCESS_VIOLATION (0xc0000005) at pc=0x000000007110b5db, pid=16028, tid=2920
#
# JRE version: Java(TM) SE Runtime Environment (11.0.6+8) (build 11.0.6+8-LTS)
# Java VM: Java HotSpot(TM) 64-Bit Server VM (11.0.6+8-LTS, mixed mode, tiered, compressed oops, g1 gc, windows-amd64)
# Problematic frame:
# C  [jSSC-2.8_x86_64.dll+0xb5db]
#
# No core dump will be written. Minidumps are not enabled by default on client versions of Windows
#
# If you would like to submit a bug report, please visit:
#   http://bugreport.java.com/bugreport/crash.jsp
# The crash happened outside the Java Virtual Machine in native code.
# See problematic frame for where to report the bug.
#

---------------  S U M M A R Y ------------

Command Line: -Dfile.encoding=UTF-8 -Djava.library.path=D:\NetBeansProjects\JavaDuckHunt\DuckHunt\lib --module-path=D:\NetBeansProjects\JavaDuckHunt\DuckHunt\build\classes pangolin.revenge.app.JavaRX_multi

Host: Intel(R) Core(TM) i5-7200U CPU @ 2.50GHz, 4 cores, 7G,  Windows 10 , 64 bit Build 10240 (10.0.10240.16384)
Time: Thu Apr 23 11:13:21 2020 Hora de verano romance elapsed time: 0 seconds (0d 0h 0m 0s)

---------------  T H R E A D  ---------------

Current thread (0x000000074dc63000):  JavaThread "main" [_thread_in_native, id=2920, stack(0x000000074db50000,0x000000074dc50000)]

Stack: [0x000000074db50000,0x000000074dc50000],  sp=0x000000074dc4f250,  free space=1020k
Native frames: (J=compiled Java code, j=interpreted, Vv=VM code, C=native code)
C  [jSSC-2.8_x86_64.dll+0xb5db]

Java frames: (J=compiled Java code, j=interpreted, Vv=VM code)
j  jssc.SerialNativeInterface.openPort(Ljava/lang/String;Z)J+0
j  jssc.SerialPort.openPort()Z+65
j  com.panamahitek.PanamaHitek_Arduino.arduinoRX(Ljava/lang/String;ILjssc/SerialPortEventListener;)V+58
j  pangolin.revenge.app.JavaRX_multi.main([Ljava/lang/String;)V+11
v  ~StubRoutines::call_stub

siginfo: EXCEPTION_ACCESS_VIOLATION (0xc0000005), reading address 0x000000004c47e787


Register to memory mapping:

RIP=0x000000007110b5db jSSC-2.8_x86_64.dll
RAX=0x000000004c47e787 is an unknown value
RBX=0x000000074dc4f2c0 is pointing into the stack for thread: 0x000000074dc63000
RCX=0x00007ffcc60435ea ntdll.dll
RDX=0x0 is NULL
RSP=0x000000074dc4f250 is pointing into the stack for thread: 0x000000074dc63000
RBP=0x000000074dc4f3d0 is pointing into the stack for thread: 0x000000074dc63000
RSI=0x000000074dc63340 points into unknown readable memory: 90 5d 51 9f fc 7f 00 00
RDI=0x00000000000003bc is an unknown value
R8 =0x000000074dc4f148 is pointing into the stack for thread: 0x000000074dc63000
R9 =0x000000074dc4f240 is pointing into the stack for thread: 0x000000074dc63000
R10=0x0 is NULL
R11=0x0000000000000246 is an unknown value
R12=0x000000074dc4f490 is pointing into the stack for thread: 0x000000074dc63000
R13=0x000000076db7c9f0 points into unknown readable memory: 43 4f 4d 35 00 00 00 00
R14=0x000000074dc4f380 is pointing into the stack for thread: 0x000000074dc63000
R15=0x000000074dc63000 is a thread


Registers:
RAX=0x000000004c47e787, RBX=0x000000074dc4f2c0, RCX=0x00007ffcc60435ea, RDX=0x0000000000000000
RSP=0x000000074dc4f250, RBP=0x000000074dc4f3d0, RSI=0x000000074dc63340, RDI=0x00000000000003bc
R8 =0x000000074dc4f148, R9 =0x000000074dc4f240, R10=0x0000000000000000, R11=0x0000000000000246
R12=0x000000074dc4f490, R13=0x000000076db7c9f0, R14=0x000000074dc4f380, R15=0x000000074dc63000
RIP=0x000000007110b5db, EFLAGS=0x0000000000010202

Top of Stack: (sp=0x000000074dc4f250)
0x000000074dc4f250:   000000074dc4f380 000000076db7c9f0
0x000000074dc4f260:   000000007110b230 0000000000000000
0x000000074dc4f270:   000000074dc4f3d0 0000000000000004
0x000000074dc4f280:   000000074dc63340 00000000000003bc
0x000000074dc4f290:   000000074dc4f3d0 0000000071112590
0x000000074dc4f2a0:   0000000000000000 00007ffcc5fda939
0x000000074dc4f2b0:   000000074dc4f3d0 00000000c0000000
0x000000074dc4f2c0:   000000076db7c9f0 0000000000000000
0x000000074dc4f2d0:   00000000000003bc 00007ffcc2eaabeb
0x000000074dc4f2e0:   0000000000000000 0000000000000000
0x000000074dc4f2f0:   0000000071113500 0000000071113be8
0x000000074dc4f300:   000000074dc4f330 0000000071112641
0x000000074dc4f310:   000000074dc4f2a0 000000074dc63340
0x000000074dc4f320:   000000074dc63000 0000000000000000
0x000000074dc4f330:   000000074dc4f3d0 0000000071101595
0x000000074dc4f340:   000000000000001c 000000074dc63340 

Instructions: (pc=0x000000007110b5db)
0x000000007110b5bb:   c5 0f 1f 40 00 55 57 56 53 48 83 ec 28 48 8b 05
0x000000007110b5cb:   39 33 01 00 48 89 cb 48 85 c0 0f 84 c5 00 00 00
0x000000007110b5db:   8b 38 85 ff 0f 88 ab 00 00 00 48 8b 05 1c 33 01
0x000000007110b5eb:   00 48 85 c0 0f 84 bc 00 00 00 8b 30 85 f6 74 57 


Stack slot to memory mapping:
stack at sp + 0 slots: 0x000000074dc4f380 is pointing into the stack for thread: 0x000000074dc63000
stack at sp + 1 slots: 0x000000076db7c9f0 points into unknown readable memory: 43 4f 4d 35 00 00 00 00
stack at sp + 2 slots: 0x000000007110b230 jSSC-2.8_x86_64.dll
stack at sp + 3 slots: 0x0 is NULL
stack at sp + 4 slots: 0x000000074dc4f3d0 is pointing into the stack for thread: 0x000000074dc63000
stack at sp + 5 slots: 0x0000000000000004 is an unknown value
stack at sp + 6 slots: 0x000000074dc63340 points into unknown readable memory: 90 5d 51 9f fc 7f 00 00
stack at sp + 7 slots: 0x00000000000003bc is an unknown value


---------------  P R O C E S S  ---------------

Threads class SMR info:
_java_thread_list=0x000000076dbdd0a0, length=10, elements={
0x000000074dc63000, 0x000000076cd02800, 0x000000076cd0d800, 0x000000076d993800,
0x000000076ccf7800, 0x000000076ccfa000, 0x000000076cd16000, 0x000000076cd3c000,
0x000000076db11000, 0x000000076dbf0800
}

Java Threads: ( => current thread )
=>0x000000074dc63000 JavaThread "main" [_thread_in_native, id=2920, stack(0x000000074db50000,0x000000074dc50000)]
  0x000000076cd02800 JavaThread "Reference Handler" daemon [_thread_blocked, id=10116, stack(0x000000076d640000,0x000000076d740000)]
  0x000000076cd0d800 JavaThread "Finalizer" daemon [_thread_blocked, id=17324, stack(0x000000076d740000,0x000000076d840000)]
  0x000000076d993800 JavaThread "Signal Dispatcher" daemon [_thread_blocked, id=4384, stack(0x000000076dd50000,0x000000076de50000)]
  0x000000076ccf7800 JavaThread "Attach Listener" daemon [_thread_blocked, id=17892, stack(0x000000076de50000,0x000000076df50000)]
  0x000000076ccfa000 JavaThread "C2 CompilerThread0" daemon [_thread_blocked, id=15852, stack(0x000000076df50000,0x000000076e050000)]
  0x000000076cd16000 JavaThread "C1 CompilerThread0" daemon [_thread_blocked, id=17884, stack(0x000000076e050000,0x000000076e150000)]
  0x000000076cd3c000 JavaThread "Sweeper thread" daemon [_thread_blocked, id=11764, stack(0x000000076e150000,0x000000076e250000)]
  0x000000076db11000 JavaThread "Common-Cleaner" daemon [_thread_blocked, id=19336, stack(0x000000076e250000,0x000000076e350000)]
  0x000000076dbf0800 JavaThread "Service Thread" daemon [_thread_blocked, id=16768, stack(0x000000076e350000,0x000000076e450000)]

Other Threads:
  0x000000076ccc8000 VMThread "VM Thread" [stack: 0x000000076d540000,0x000000076d640000] [id=14472]
  0x000000076dbf1800 WatcherThread [stack: 0x000000076e450000,0x000000076e550000] [id=7776]
  0x000000074dc77000 GCTaskThread "GC Thread#0" [stack: 0x0000000765210000,0x0000000765310000] [id=6120]
  0x000000074dcaa800 ConcurrentGCThread "G1 Main Marker" [stack: 0x000000076a300000,0x000000076a400000] [id=15096]
  0x000000074dcab800 ConcurrentGCThread "G1 Conc#0" [stack: 0x000000076a400000,0x000000076a500000] [id=18920]
  0x000000074dd3e000 ConcurrentGCThread "G1 Refine#0" [stack: 0x000000076c940000,0x000000076ca40000] [id=2592]
  0x000000074dd3f000 ConcurrentGCThread "G1 Young RemSet Sampling" [stack: 0x000000076ca40000,0x000000076cb40000] [id=19268]

Threads with active compile tasks:

VM state:not at safepoint (normal execution)

VM Mutex/Monitor currently owned by a thread: None

Heap address: 0x0000000081400000, size: 2028 MB, Compressed Oops mode: 32-bit
Narrow klass base: 0x0000000000000000, Narrow klass shift: 3
Compressed class space size: 1073741824 Address: 0x0000000100000000

Heap:
 garbage-first heap   total 131072K, used 2048K [0x0000000081400000, 0x0000000100000000)
  region size 1024K, 3 young (3072K), 0 survivors (0K)
 Metaspace       used 6506K, capacity 6660K, committed 6912K, reserved 1056768K
  class space    used 579K, capacity 644K, committed 768K, reserved 1048576K
Heap Regions: E=young(eden), S=young(survivor), O=old, HS=humongous(starts), HC=humongous(continues), CS=collection set, F=free, A=archive, TAMS=top-at-mark-start (previous, next)
|   0|0x0000000081400000, 0x0000000081400000, 0x0000000081500000|  0%| F|  |TAMS 0x0000000081400000, 0x0000000081400000| Untracked 
|   1|0x0000000081500000, 0x0000000081500000, 0x0000000081600000|  0%| F|  |TAMS 0x0000000081500000, 0x0000000081500000| Untracked 
|   2|0x0000000081600000, 0x0000000081600000, 0x0000000081700000|  0%| F|  |TAMS 0x0000000081600000, 0x0000000081600000| Untracked 
|   3|0x0000000081700000, 0x0000000081700000, 0x0000000081800000|  0%| F|  |TAMS 0x0000000081700000, 0x0000000081700000| Untracked 
|   4|0x0000000081800000, 0x0000000081800000, 0x0000000081900000|  0%| F|  |TAMS 0x0000000081800000, 0x0000000081800000| Untracked 
|   5|0x0000000081900000, 0x0000000081900000, 0x0000000081a00000|  0%| F|  |TAMS 0x0000000081900000, 0x0000000081900000| Untracked 
|   6|0x0000000081a00000, 0x0000000081a00000, 0x0000000081b00000|  0%| F|  |TAMS 0x0000000081a00000, 0x0000000081a00000| Untracked 
|   7|0x0000000081b00000, 0x0000000081b00000, 0x0000000081c00000|  0%| F|  |TAMS 0x0000000081b00000, 0x0000000081b00000| Untracked 
|   8|0x0000000081c00000, 0x0000000081c00000, 0x0000000081d00000|  0%| F|  |TAMS 0x0000000081c00000, 0x0000000081c00000| Untracked 
|   9|0x0000000081d00000, 0x0000000081d00000, 0x0000000081e00000|  0%| F|  |TAMS 0x0000000081d00000, 0x0000000081d00000| Untracked 
|  10|0x0000000081e00000, 0x0000000081e00000, 0x0000000081f00000|  0%| F|  |TAMS 0x0000000081e00000, 0x0000000081e00000| Untracked 
|  11|0x0000000081f00000, 0x0000000081f00000, 0x0000000082000000|  0%| F|  |TAMS 0x0000000081f00000, 0x0000000081f00000| Untracked 
|  12|0x0000000082000000, 0x0000000082000000, 0x0000000082100000|  0%| F|  |TAMS 0x0000000082000000, 0x0000000082000000| Untracked 
|  13|0x0000000082100000, 0x0000000082100000, 0x0000000082200000|  0%| F|  |TAMS 0x0000000082100000, 0x0000000082100000| Untracked 
|  14|0x0000000082200000, 0x0000000082200000, 0x0000000082300000|  0%| F|  |TAMS 0x0000000082200000, 0x0000000082200000| Untracked 
|  15|0x0000000082300000, 0x0000000082300000, 0x0000000082400000|  0%| F|  |TAMS 0x0000000082300000, 0x0000000082300000| Untracked 
|  16|0x0000000082400000, 0x0000000082400000, 0x0000000082500000|  0%| F|  |TAMS 0x0000000082400000, 0x0000000082400000| Untracked 
|  17|0x0000000082500000, 0x0000000082500000, 0x0000000082600000|  0%| F|  |TAMS 0x0000000082500000, 0x0000000082500000| Untracked 
|  18|0x0000000082600000, 0x0000000082600000, 0x0000000082700000|  0%| F|  |TAMS 0x0000000082600000, 0x0000000082600000| Untracked 
|  19|0x0000000082700000, 0x0000000082700000, 0x0000000082800000|  0%| F|  |TAMS 0x0000000082700000, 0x0000000082700000| Untracked 
|  20|0x0000000082800000, 0x0000000082800000, 0x0000000082900000|  0%| F|  |TAMS 0x0000000082800000, 0x0000000082800000| Untracked 
|  21|0x0000000082900000, 0x0000000082900000, 0x0000000082a00000|  0%| F|  |TAMS 0x0000000082900000, 0x0000000082900000| Untracked 
|  22|0x0000000082a00000, 0x0000000082a00000, 0x0000000082b00000|  0%| F|  |TAMS 0x0000000082a00000, 0x0000000082a00000| Untracked 
|  23|0x0000000082b00000, 0x0000000082b00000, 0x0000000082c00000|  0%| F|  |TAMS 0x0000000082b00000, 0x0000000082b00000| Untracked 
|  24|0x0000000082c00000, 0x0000000082c00000, 0x0000000082d00000|  0%| F|  |TAMS 0x0000000082c00000, 0x0000000082c00000| Untracked 
|  25|0x0000000082d00000, 0x0000000082d00000, 0x0000000082e00000|  0%| F|  |TAMS 0x0000000082d00000, 0x0000000082d00000| Untracked 
|  26|0x0000000082e00000, 0x0000000082e00000, 0x0000000082f00000|  0%| F|  |TAMS 0x0000000082e00000, 0x0000000082e00000| Untracked 
|  27|0x0000000082f00000, 0x0000000082f00000, 0x0000000083000000|  0%| F|  |TAMS 0x0000000082f00000, 0x0000000082f00000| Untracked 
|  28|0x0000000083000000, 0x0000000083000000, 0x0000000083100000|  0%| F|  |TAMS 0x0000000083000000, 0x0000000083000000| Untracked 
|  29|0x0000000083100000, 0x0000000083100000, 0x0000000083200000|  0%| F|  |TAMS 0x0000000083100000, 0x0000000083100000| Untracked 
|  30|0x0000000083200000, 0x0000000083200000, 0x0000000083300000|  0%| F|  |TAMS 0x0000000083200000, 0x0000000083200000| Untracked 
|  31|0x0000000083300000, 0x0000000083300000, 0x0000000083400000|  0%| F|  |TAMS 0x0000000083300000, 0x0000000083300000| Untracked 
|  32|0x0000000083400000, 0x0000000083400000, 0x0000000083500000|  0%| F|  |TAMS 0x0000000083400000, 0x0000000083400000| Untracked 
|  33|0x0000000083500000, 0x0000000083500000, 0x0000000083600000|  0%| F|  |TAMS 0x0000000083500000, 0x0000000083500000| Untracked 
|  34|0x0000000083600000, 0x0000000083600000, 0x0000000083700000|  0%| F|  |TAMS 0x0000000083600000, 0x0000000083600000| Untracked 
|  35|0x0000000083700000, 0x0000000083700000, 0x0000000083800000|  0%| F|  |TAMS 0x0000000083700000, 0x0000000083700000| Untracked 
|  36|0x0000000083800000, 0x0000000083800000, 0x0000000083900000|  0%| F|  |TAMS 0x0000000083800000, 0x0000000083800000| Untracked 
|  37|0x0000000083900000, 0x0000000083900000, 0x0000000083a00000|  0%| F|  |TAMS 0x0000000083900000, 0x0000000083900000| Untracked 
|  38|0x0000000083a00000, 0x0000000083a00000, 0x0000000083b00000|  0%| F|  |TAMS 0x0000000083a00000, 0x0000000083a00000| Untracked 
|  39|0x0000000083b00000, 0x0000000083b00000, 0x0000000083c00000|  0%| F|  |TAMS 0x0000000083b00000, 0x0000000083b00000| Untracked 
|  40|0x0000000083c00000, 0x0000000083c00000, 0x0000000083d00000|  0%| F|  |TAMS 0x0000000083c00000, 0x0000000083c00000| Untracked 
|  41|0x0000000083d00000, 0x0000000083d00000, 0x0000000083e00000|  0%| F|  |TAMS 0x0000000083d00000, 0x0000000083d00000| Untracked 
|  42|0x0000000083e00000, 0x0000000083e00000, 0x0000000083f00000|  0%| F|  |TAMS 0x0000000083e00000, 0x0000000083e00000| Untracked 
|  43|0x0000000083f00000, 0x0000000083f00000, 0x0000000084000000|  0%| F|  |TAMS 0x0000000083f00000, 0x0000000083f00000| Untracked 
|  44|0x0000000084000000, 0x0000000084000000, 0x0000000084100000|  0%| F|  |TAMS 0x0000000084000000, 0x0000000084000000| Untracked 
|  45|0x0000000084100000, 0x0000000084100000, 0x0000000084200000|  0%| F|  |TAMS 0x0000000084100000, 0x0000000084100000| Untracked 
|  46|0x0000000084200000, 0x0000000084200000, 0x0000000084300000|  0%| F|  |TAMS 0x0000000084200000, 0x0000000084200000| Untracked 
|  47|0x0000000084300000, 0x0000000084300000, 0x0000000084400000|  0%| F|  |TAMS 0x0000000084300000, 0x0000000084300000| Untracked 
|  48|0x0000000084400000, 0x0000000084400000, 0x0000000084500000|  0%| F|  |TAMS 0x0000000084400000, 0x0000000084400000| Untracked 
|  49|0x0000000084500000, 0x0000000084500000, 0x0000000084600000|  0%| F|  |TAMS 0x0000000084500000, 0x0000000084500000| Untracked 
|  50|0x0000000084600000, 0x0000000084600000, 0x0000000084700000|  0%| F|  |TAMS 0x0000000084600000, 0x0000000084600000| Untracked 
|  51|0x0000000084700000, 0x0000000084700000, 0x0000000084800000|  0%| F|  |TAMS 0x0000000084700000, 0x0000000084700000| Untracked 
|  52|0x0000000084800000, 0x0000000084800000, 0x0000000084900000|  0%| F|  |TAMS 0x0000000084800000, 0x0000000084800000| Untracked 
|  53|0x0000000084900000, 0x0000000084900000, 0x0000000084a00000|  0%| F|  |TAMS 0x0000000084900000, 0x0000000084900000| Untracked 
|  54|0x0000000084a00000, 0x0000000084a00000, 0x0000000084b00000|  0%| F|  |TAMS 0x0000000084a00000, 0x0000000084a00000| Untracked 
|  55|0x0000000084b00000, 0x0000000084b00000, 0x0000000084c00000|  0%| F|  |TAMS 0x0000000084b00000, 0x0000000084b00000| Untracked 
|  56|0x0000000084c00000, 0x0000000084c00000, 0x0000000084d00000|  0%| F|  |TAMS 0x0000000084c00000, 0x0000000084c00000| Untracked 
|  57|0x0000000084d00000, 0x0000000084d00000, 0x0000000084e00000|  0%| F|  |TAMS 0x0000000084d00000, 0x0000000084d00000| Untracked 
|  58|0x0000000084e00000, 0x0000000084e00000, 0x0000000084f00000|  0%| F|  |TAMS 0x0000000084e00000, 0x0000000084e00000| Untracked 
|  59|0x0000000084f00000, 0x0000000084f00000, 0x0000000085000000|  0%| F|  |TAMS 0x0000000084f00000, 0x0000000084f00000| Untracked 
|  60|0x0000000085000000, 0x0000000085000000, 0x0000000085100000|  0%| F|  |TAMS 0x0000000085000000, 0x0000000085000000| Untracked 
|  61|0x0000000085100000, 0x0000000085100000, 0x0000000085200000|  0%| F|  |TAMS 0x0000000085100000, 0x0000000085100000| Untracked 
|  62|0x0000000085200000, 0x0000000085200000, 0x0000000085300000|  0%| F|  |TAMS 0x0000000085200000, 0x0000000085200000| Untracked 
|  63|0x0000000085300000, 0x0000000085300000, 0x0000000085400000|  0%| F|  |TAMS 0x0000000085300000, 0x0000000085300000| Untracked 
|  64|0x0000000085400000, 0x0000000085400000, 0x0000000085500000|  0%| F|  |TAMS 0x0000000085400000, 0x0000000085400000| Untracked 
|  65|0x0000000085500000, 0x0000000085500000, 0x0000000085600000|  0%| F|  |TAMS 0x0000000085500000, 0x0000000085500000| Untracked 
|  66|0x0000000085600000, 0x0000000085600000, 0x0000000085700000|  0%| F|  |TAMS 0x0000000085600000, 0x0000000085600000| Untracked 
|  67|0x0000000085700000, 0x0000000085700000, 0x0000000085800000|  0%| F|  |TAMS 0x0000000085700000, 0x0000000085700000| Untracked 
|  68|0x0000000085800000, 0x0000000085800000, 0x0000000085900000|  0%| F|  |TAMS 0x0000000085800000, 0x0000000085800000| Untracked 
|  69|0x0000000085900000, 0x0000000085900000, 0x0000000085a00000|  0%| F|  |TAMS 0x0000000085900000, 0x0000000085900000| Untracked 
|  70|0x0000000085a00000, 0x0000000085a00000, 0x0000000085b00000|  0%| F|  |TAMS 0x0000000085a00000, 0x0000000085a00000| Untracked 
|  71|0x0000000085b00000, 0x0000000085b00000, 0x0000000085c00000|  0%| F|  |TAMS 0x0000000085b00000, 0x0000000085b00000| Untracked 
|  72|0x0000000085c00000, 0x0000000085c00000, 0x0000000085d00000|  0%| F|  |TAMS 0x0000000085c00000, 0x0000000085c00000| Untracked 
|  73|0x0000000085d00000, 0x0000000085d00000, 0x0000000085e00000|  0%| F|  |TAMS 0x0000000085d00000, 0x0000000085d00000| Untracked 
|  74|0x0000000085e00000, 0x0000000085e00000, 0x0000000085f00000|  0%| F|  |TAMS 0x0000000085e00000, 0x0000000085e00000| Untracked 
|  75|0x0000000085f00000, 0x0000000085f00000, 0x0000000086000000|  0%| F|  |TAMS 0x0000000085f00000, 0x0000000085f00000| Untracked 
|  76|0x0000000086000000, 0x0000000086000000, 0x0000000086100000|  0%| F|  |TAMS 0x0000000086000000, 0x0000000086000000| Untracked 
|  77|0x0000000086100000, 0x0000000086100000, 0x0000000086200000|  0%| F|  |TAMS 0x0000000086100000, 0x0000000086100000| Untracked 
|  78|0x0000000086200000, 0x0000000086200000, 0x0000000086300000|  0%| F|  |TAMS 0x0000000086200000, 0x0000000086200000| Untracked 
|  79|0x0000000086300000, 0x0000000086300000, 0x0000000086400000|  0%| F|  |TAMS 0x0000000086300000, 0x0000000086300000| Untracked 
|  80|0x0000000086400000, 0x0000000086400000, 0x0000000086500000|  0%| F|  |TAMS 0x0000000086400000, 0x0000000086400000| Untracked 
|  81|0x0000000086500000, 0x0000000086500000, 0x0000000086600000|  0%| F|  |TAMS 0x0000000086500000, 0x0000000086500000| Untracked 
|  82|0x0000000086600000, 0x0000000086600000, 0x0000000086700000|  0%| F|  |TAMS 0x0000000086600000, 0x0000000086600000| Untracked 
|  83|0x0000000086700000, 0x0000000086700000, 0x0000000086800000|  0%| F|  |TAMS 0x0000000086700000, 0x0000000086700000| Untracked 
|  84|0x0000000086800000, 0x0000000086800000, 0x0000000086900000|  0%| F|  |TAMS 0x0000000086800000, 0x0000000086800000| Untracked 
|  85|0x0000000086900000, 0x0000000086900000, 0x0000000086a00000|  0%| F|  |TAMS 0x0000000086900000, 0x0000000086900000| Untracked 
|  86|0x0000000086a00000, 0x0000000086a00000, 0x0000000086b00000|  0%| F|  |TAMS 0x0000000086a00000, 0x0000000086a00000| Untracked 
|  87|0x0000000086b00000, 0x0000000086b00000, 0x0000000086c00000|  0%| F|  |TAMS 0x0000000086b00000, 0x0000000086b00000| Untracked 
|  88|0x0000000086c00000, 0x0000000086c00000, 0x0000000086d00000|  0%| F|  |TAMS 0x0000000086c00000, 0x0000000086c00000| Untracked 
|  89|0x0000000086d00000, 0x0000000086d00000, 0x0000000086e00000|  0%| F|  |TAMS 0x0000000086d00000, 0x0000000086d00000| Untracked 
|  90|0x0000000086e00000, 0x0000000086e00000, 0x0000000086f00000|  0%| F|  |TAMS 0x0000000086e00000, 0x0000000086e00000| Untracked 
|  91|0x0000000086f00000, 0x0000000086f00000, 0x0000000087000000|  0%| F|  |TAMS 0x0000000086f00000, 0x0000000086f00000| Untracked 
|  92|0x0000000087000000, 0x0000000087000000, 0x0000000087100000|  0%| F|  |TAMS 0x0000000087000000, 0x0000000087000000| Untracked 
|  93|0x0000000087100000, 0x0000000087100000, 0x0000000087200000|  0%| F|  |TAMS 0x0000000087100000, 0x0000000087100000| Untracked 
|  94|0x0000000087200000, 0x0000000087200000, 0x0000000087300000|  0%| F|  |TAMS 0x0000000087200000, 0x0000000087200000| Untracked 
|  95|0x0000000087300000, 0x0000000087300000, 0x0000000087400000|  0%| F|  |TAMS 0x0000000087300000, 0x0000000087300000| Untracked 
|  96|0x0000000087400000, 0x0000000087400000, 0x0000000087500000|  0%| F|  |TAMS 0x0000000087400000, 0x0000000087400000| Untracked 
|  97|0x0000000087500000, 0x0000000087500000, 0x0000000087600000|  0%| F|  |TAMS 0x0000000087500000, 0x0000000087500000| Untracked 
|  98|0x0000000087600000, 0x0000000087600000, 0x0000000087700000|  0%| F|  |TAMS 0x0000000087600000, 0x0000000087600000| Untracked 
|  99|0x0000000087700000, 0x0000000087700000, 0x0000000087800000|  0%| F|  |TAMS 0x0000000087700000, 0x0000000087700000| Untracked 
| 100|0x0000000087800000, 0x0000000087800000, 0x0000000087900000|  0%| F|  |TAMS 0x0000000087800000, 0x0000000087800000| Untracked 
| 101|0x0000000087900000, 0x0000000087900000, 0x0000000087a00000|  0%| F|  |TAMS 0x0000000087900000, 0x0000000087900000| Untracked 
| 102|0x0000000087a00000, 0x0000000087a00000, 0x0000000087b00000|  0%| F|  |TAMS 0x0000000087a00000, 0x0000000087a00000| Untracked 
| 103|0x0000000087b00000, 0x0000000087b00000, 0x0000000087c00000|  0%| F|  |TAMS 0x0000000087b00000, 0x0000000087b00000| Untracked 
| 104|0x0000000087c00000, 0x0000000087c00000, 0x0000000087d00000|  0%| F|  |TAMS 0x0000000087c00000, 0x0000000087c00000| Untracked 
| 105|0x0000000087d00000, 0x0000000087d00000, 0x0000000087e00000|  0%| F|  |TAMS 0x0000000087d00000, 0x0000000087d00000| Untracked 
| 106|0x0000000087e00000, 0x0000000087e00000, 0x0000000087f00000|  0%| F|  |TAMS 0x0000000087e00000, 0x0000000087e00000| Untracked 
| 107|0x0000000087f00000, 0x0000000087f00000, 0x0000000088000000|  0%| F|  |TAMS 0x0000000087f00000, 0x0000000087f00000| Untracked 
| 108|0x0000000088000000, 0x0000000088000000, 0x0000000088100000|  0%| F|  |TAMS 0x0000000088000000, 0x0000000088000000| Untracked 
| 109|0x0000000088100000, 0x0000000088100000, 0x0000000088200000|  0%| F|  |TAMS 0x0000000088100000, 0x0000000088100000| Untracked 
| 110|0x0000000088200000, 0x0000000088200000, 0x0000000088300000|  0%| F|  |TAMS 0x0000000088200000, 0x0000000088200000| Untracked 
| 111|0x0000000088300000, 0x0000000088300000, 0x0000000088400000|  0%| F|  |TAMS 0x0000000088300000, 0x0000000088300000| Untracked 
| 112|0x0000000088400000, 0x0000000088400000, 0x0000000088500000|  0%| F|  |TAMS 0x0000000088400000, 0x0000000088400000| Untracked 
| 113|0x0000000088500000, 0x0000000088500000, 0x0000000088600000|  0%| F|  |TAMS 0x0000000088500000, 0x0000000088500000| Untracked 
| 114|0x0000000088600000, 0x0000000088600000, 0x0000000088700000|  0%| F|  |TAMS 0x0000000088600000, 0x0000000088600000| Untracked 
| 115|0x0000000088700000, 0x0000000088700000, 0x0000000088800000|  0%| F|  |TAMS 0x0000000088700000, 0x0000000088700000| Untracked 
| 116|0x0000000088800000, 0x0000000088800000, 0x0000000088900000|  0%| F|  |TAMS 0x0000000088800000, 0x0000000088800000| Untracked 
| 117|0x0000000088900000, 0x0000000088900000, 0x0000000088a00000|  0%| F|  |TAMS 0x0000000088900000, 0x0000000088900000| Untracked 
| 118|0x0000000088a00000, 0x0000000088a00000, 0x0000000088b00000|  0%| F|  |TAMS 0x0000000088a00000, 0x0000000088a00000| Untracked 
| 119|0x0000000088b00000, 0x0000000088b00000, 0x0000000088c00000|  0%| F|  |TAMS 0x0000000088b00000, 0x0000000088b00000| Untracked 
| 120|0x0000000088c00000, 0x0000000088c00000, 0x0000000088d00000|  0%| F|  |TAMS 0x0000000088c00000, 0x0000000088c00000| Untracked 
| 121|0x0000000088d00000, 0x0000000088d00000, 0x0000000088e00000|  0%| F|  |TAMS 0x0000000088d00000, 0x0000000088d00000| Untracked 
| 122|0x0000000088e00000, 0x0000000088e00000, 0x0000000088f00000|  0%| F|  |TAMS 0x0000000088e00000, 0x0000000088e00000| Untracked 
| 123|0x0000000088f00000, 0x0000000088f00000, 0x0000000089000000|  0%| F|  |TAMS 0x0000000088f00000, 0x0000000088f00000| Untracked 
| 124|0x0000000089000000, 0x0000000089000000, 0x0000000089100000|  0%| F|  |TAMS 0x0000000089000000, 0x0000000089000000| Untracked 
| 125|0x0000000089100000, 0x0000000089148a70, 0x0000000089200000| 28%| E|  |TAMS 0x0000000089100000, 0x0000000089100000| Complete 
| 126|0x0000000089200000, 0x0000000089300000, 0x0000000089300000|100%| E|CS|TAMS 0x0000000089200000, 0x0000000089200000| Complete 
| 127|0x0000000089300000, 0x0000000089400000, 0x0000000089400000|100%| E|CS|TAMS 0x0000000089300000, 0x0000000089300000| Complete 

Card table byte_map: [0x0000000765b50000,0x0000000765f50000] _byte_map_base: 0x0000000765746000

Marking Bits (Prev, Next): (CMBitMap*) 0x000000074dca0968, (CMBitMap*) 0x000000074dca09a0
 Prev Bits: [0x0000000766350000, 0x0000000768300000)
 Next Bits: [0x0000000768300000, 0x000000076a2b0000)

Polling page: 0x000000074dd50000

Metaspace:

Usage:
  Non-class:      5.88 MB capacity,     5.79 MB ( 99%) used,    84.69 KB (  1%) free+waste,     4.38 KB ( <1%) overhead. 
      Class:    644.00 KB capacity,   579.43 KB ( 90%) used,    62.32 KB ( 10%) free+waste,     2.25 KB ( <1%) overhead. 
       Both:      6.50 MB capacity,     6.35 MB ( 98%) used,   147.01 KB (  2%) free+waste,     6.63 KB ( <1%) overhead. 

Virtual space:
  Non-class space:        8.00 MB reserved,       6.00 MB ( 75%) committed 
      Class space:        1.00 GB reserved,     768.00 KB ( <1%) committed 
             Both:        1.01 GB reserved,       6.75 MB ( <1%) committed 

Chunk freelists:
   Non-Class:  0 bytes
       Class:  3.50 KB
        Both:  3.50 KB

CodeHeap 'non-profiled nmethods': size=120064Kb used=80Kb max_used=80Kb free=119984Kb
 bounds [0x000000075dae0000, 0x000000075dd50000, 0x0000000765020000]
CodeHeap 'profiled nmethods': size=120000Kb used=301Kb max_used=301Kb free=119699Kb
 bounds [0x00000007565b0000, 0x0000000756820000, 0x000000075dae0000]
CodeHeap 'non-nmethods': size=5696Kb used=1053Kb max_used=1065Kb free=4642Kb
 bounds [0x0000000756020000, 0x0000000756290000, 0x00000007565b0000]
 total_blobs=662 nmethods=254 adapters=249
 compilation: enabled
              stopped_count=0, restarted_count=0
 full_count=0

Compilation events (10 events):
Event: 0.149 Thread 0x000000076ccfa000 nmethod 248 0x000000075daf3510 code [0x000000075daf36c0, 0x000000075daf3788]
Event: 0.149 Thread 0x000000076cd16000 nmethod 250 0x000000075daf3890 code [0x000000075daf3a40, 0x000000075daf3b98]
Event: 0.149 Thread 0x000000076cd16000  251       3       java.lang.Character::toUpperCaseEx (30 bytes)
Event: 0.150 Thread 0x000000076cd16000 nmethod 251 0x00000007565f9a90 code [0x00000007565f9c60, 0x00000007565f9ec0]
Event: 0.150 Thread 0x000000076cd16000  252       3       java.lang.CharacterDataLatin1::toUpperCaseEx (71 bytes)
Event: 0.150 Thread 0x000000076cd16000 nmethod 252 0x00000007565f9f90 code [0x00000007565fa160, 0x00000007565fa478]
Event: 0.150 Thread 0x000000076cd16000  253       1       java.util.zip.Inflater$InflaterZStreamRef::address (5 bytes)
Event: 0.150 Thread 0x000000076cd16000 nmethod 253 0x000000075daf3c90 code [0x000000075daf3e40, 0x000000075daf3f58]
Event: 0.152 Thread 0x000000076cd16000  254       3       java.lang.Class::getClassLoader (28 bytes)
Event: 0.152 Thread 0x000000076cd16000 nmethod 254 0x00000007565fa590 code [0x00000007565fa7c0, 0x00000007565fb120]

GC Heap History (0 events):
No events

Deoptimization events (2 events):
Event: 0.095 Thread 0x000000074dc63000 Uncommon trap: reason=unstable_if action=reinterpret pc=0x000000075dae3bf8 method=java.lang.String.isLatin1()Z @ 10 c2
Event: 0.120 Thread 0x000000074dc63000 Uncommon trap: reason=unstable_if action=reinterpret pc=0x000000075dae6090 method=java.lang.String.isLatin1()Z @ 10 c2

Classes redefined (0 events):
No events

Internal exceptions (3 events):
Event: 0.100 Thread 0x000000074dc63000 Exception <a 'sun/nio/fs/WindowsException'{0x0000000089249c38}> (0x0000000089249c38) thrown at [t:/workspace/open/src/hotspot/share/prims/jni.cpp, line 615]
Event: 0.100 Thread 0x000000074dc63000 Exception <a 'sun/nio/fs/WindowsException'{0x000000008924a128}> (0x000000008924a128) thrown at [t:/workspace/open/src/hotspot/share/prims/jni.cpp, line 615]
Event: 0.101 Thread 0x000000074dc63000 Exception <a 'sun/nio/fs/WindowsException'{0x000000008924c268}> (0x000000008924c268) thrown at [t:/workspace/open/src/hotspot/share/prims/jni.cpp, line 615]

Events (10 events):
Event: 0.149 loading class java/util/zip/ZipFile$CleanableResource$FinalizableResource
Event: 0.149 loading class java/util/zip/ZipFile$CleanableResource$FinalizableResource done
Event: 0.149 Executing VM operation: Deoptimize
Event: 0.149 Executing VM operation: Deoptimize done
Event: 0.149 loading class sun/net/www/protocol/jar/URLJarFile$URLJarFileEntry
Event: 0.149 loading class sun/net/www/protocol/jar/URLJarFile$URLJarFileEntry done
Event: 0.149 loading class sun/net/www/protocol/jar/JarURLConnection$JarURLInputStream
Event: 0.149 loading class sun/net/www/protocol/jar/JarURLConnection$JarURLInputStream done
Event: 0.151 loading class java/io/FileOutputStream$1
Event: 0.151 loading class java/io/FileOutputStream$1 done


Dynamic libraries:
0x00007ff71cfd0000 - 0x00007ff71d017000 	C:\Program Files\Java\jdk-11.0.6\bin\java.exe
0x00007ffcc5fb0000 - 0x00007ffcc6171000 	C:\Windows\SYSTEM32\ntdll.dll
0x00007ffcc3c20000 - 0x00007ffcc3ccd000 	C:\Windows\system32\KERNEL32.DLL
0x00007ffcc2e70000 - 0x00007ffcc304d000 	C:\Windows\system32\KERNELBASE.dll
0x00007ffcc4670000 - 0x00007ffcc4716000 	C:\Windows\system32\ADVAPI32.dll
0x00007ffcc3ee0000 - 0x00007ffcc3f7d000 	C:\Windows\system32\msvcrt.dll
0x00007ffcc4020000 - 0x00007ffcc407b000 	C:\Windows\system32\sechost.dll
0x00007ffcc3680000 - 0x00007ffcc37a6000 	C:\Windows\system32\RPCRT4.dll
0x00007ffcc5c50000 - 0x00007ffcc5d9e000 	C:\Windows\system32\USER32.dll
0x00007ffcc44e0000 - 0x00007ffcc4666000 	C:\Windows\system32\GDI32.dll
0x00007ffcbe2a0000 - 0x00007ffcbe2aa000 	C:\Windows\SYSTEM32\VERSION.dll
0x00007ffcbe010000 - 0x00007ffcbe284000 	C:\Windows\WinSxS\amd64_microsoft.windows.common-controls_6595b64144ccf1df_6.0.10240.16384_none_f41f7b285750ef43\COMCTL32.dll
0x00007ffcc3fe0000 - 0x00007ffcc4016000 	C:\Windows\system32\IMM32.DLL
0x00007ffcc37b0000 - 0x00007ffcc390c000 	C:\Windows\system32\MSCTF.dll
0x00007ffcbcfb0000 - 0x00007ffcbcfc6000 	C:\Program Files\Java\jdk-11.0.6\bin\vcruntime140.dll
0x000000074da50000 - 0x000000074db42000 	C:\Windows\SYSTEM32\ucrtbase.dll
0x00007ffcb70e0000 - 0x00007ffcb718a000 	C:\Program Files\Java\jdk-11.0.6\bin\msvcp140.dll
0x00007ffc9eb20000 - 0x00007ffc9f649000 	C:\Program Files\Java\jdk-11.0.6\bin\server\jvm.dll
0x00007ffcc4250000 - 0x00007ffcc4258000 	C:\Windows\system32\PSAPI.DLL
0x00007ffcc01a0000 - 0x00007ffcc01c3000 	C:\Windows\SYSTEM32\WINMM.dll
0x00007ffcbfbd0000 - 0x00007ffcbfbd9000 	C:\Windows\SYSTEM32\WSOCK32.dll
0x00007ffcc5e60000 - 0x00007ffcc5ec9000 	C:\Windows\system32\WS2_32.dll
0x00007ffcc3910000 - 0x00007ffcc3918000 	C:\Windows\system32\NSI.dll
0x00007ffcc0090000 - 0x00007ffcc00bc000 	C:\Windows\SYSTEM32\WINMMBASE.dll
0x00007ffcc2ae0000 - 0x00007ffcc2b24000 	C:\Windows\system32\cfgmgr32.dll
0x00007ffcc12b0000 - 0x00007ffcc12d7000 	C:\Windows\SYSTEM32\DEVOBJ.dll
0x00007ffcc2a00000 - 0x00007ffcc2a0f000 	C:\Windows\system32\kernel.appcore.dll
0x00007ffcbc770000 - 0x00007ffcbc781000 	C:\Program Files\Java\jdk-11.0.6\bin\verify.dll
0x00007ffcbf5c0000 - 0x00007ffcbf74a000 	C:\Windows\SYSTEM32\DBGHELP.DLL
0x00007ffcb8f60000 - 0x00007ffcb8f85000 	C:\Windows\SYSTEM32\dbgcore.DLL
0x00007ffcb7190000 - 0x00007ffcb71b9000 	C:\Program Files\Java\jdk-11.0.6\bin\java.dll
0x00007ffcbba90000 - 0x00007ffcbbaa6000 	C:\Program Files\Java\jdk-11.0.6\bin\zip.dll
0x00007ffcbf7d0000 - 0x00007ffcbf7da000 	C:\Program Files\Java\jdk-11.0.6\bin\jimage.dll
0x00007ffcc4720000 - 0x00007ffcc5c42000 	C:\Windows\system32\SHELL32.dll
0x00007ffcc3050000 - 0x00007ffcc3679000 	C:\Windows\system32\windows.storage.dll
0x00007ffcc3920000 - 0x00007ffcc3b9c000 	C:\Windows\system32\combase.dll
0x00007ffcc4480000 - 0x00007ffcc44d1000 	C:\Windows\system32\shlwapi.dll
0x00007ffcc2d00000 - 0x00007ffcc2db3000 	C:\Windows\system32\shcore.dll
0x00007ffcc2a30000 - 0x00007ffcc2a7a000 	C:\Windows\system32\powrprof.dll
0x00007ffcc2a10000 - 0x00007ffcc2a23000 	C:\Windows\system32\profapi.dll
0x00007ffcba240000 - 0x00007ffcba259000 	C:\Program Files\Java\jdk-11.0.6\bin\net.dll
0x00007ffcbdb10000 - 0x00007ffcbdbe6000 	C:\Windows\SYSTEM32\WINHTTP.dll
0x00007ffcc21f0000 - 0x00007ffcc224d000 	C:\Windows\system32\mswsock.dll
0x00007ffcba1c0000 - 0x00007ffcba1d3000 	C:\Program Files\Java\jdk-11.0.6\bin\nio.dll
0x0000000071100000 - 0x0000000071125000 	C:\Users\David\.jssc\windows\jSSC-2.8_x86_64.dll

dbghelp: loaded successfully - version: 4.0.5 - missing functions: none
symbol engine: initialized successfully - sym options: 0x614 - pdb path: .;C:\Program Files\Java\jdk-11.0.6\bin;C:\Windows\SYSTEM32;C:\Windows\WinSxS\amd64_microsoft.windows.common-controls_6595b64144ccf1df_6.0.10240.16384_none_f41f7b285750ef43;C:\Program Files\Java\jdk-11.0.6\bin\server;C:\Users\David\.jssc\windows

VM Arguments:
jvm_args: -Dfile.encoding=UTF-8 -Djava.library.path=D:\NetBeansProjects\JavaDuckHunt\DuckHunt\lib --module-path=D:\NetBeansProjects\JavaDuckHunt\DuckHunt\build\classes 
java_command: pangolin.revenge.app.JavaRX_multi
java_class_path (initial): D:\NetBeansProjects\JavaDuckHunt\DuckHunt\lib\PanamaHitek_Arduino-3.0.4-javadoc.jar;D:\NetBeansProjects\JavaDuckHunt\DuckHunt\lib\PanamaHitek_Arduino-3.0.4.jar;D:\NetBeansProjects\JavaDuckHunt\DuckHunt\build\classes
Launcher Type: SUN_STANDARD

[Global flags]
     intx CICompilerCount                          = 3                                         {product} {ergonomic}
     uint ConcGCThreads                            = 1                                         {product} {ergonomic}
     uint G1ConcRefinementThreads                  = 4                                         {product} {ergonomic}
   size_t G1HeapRegionSize                         = 1048576                                   {product} {ergonomic}
    uintx GCDrainStackTargetSize                   = 64                                        {product} {ergonomic}
   size_t InitialHeapSize                          = 134217728                                 {product} {ergonomic}
   size_t MarkStackSize                            = 4194304                                   {product} {ergonomic}
   size_t MaxHeapSize                              = 2126512128                                {product} {ergonomic}
   size_t MaxNewSize                               = 1275068416                                {product} {ergonomic}
   size_t MinHeapDeltaBytes                        = 1048576                                   {product} {ergonomic}
    uintx NonNMethodCodeHeapSize                   = 5830732                                {pd product} {ergonomic}
    uintx NonProfiledCodeHeapSize                  = 122913754                              {pd product} {ergonomic}
    uintx ProfiledCodeHeapSize                     = 122913754                              {pd product} {ergonomic}
    uintx ReservedCodeCacheSize                    = 251658240                              {pd product} {ergonomic}
     bool SegmentedCodeCache                       = true                                      {product} {ergonomic}
     bool UseCompressedClassPointers               = true                                 {lp64_product} {ergonomic}
     bool UseCompressedOops                        = true                                 {lp64_product} {ergonomic}
     bool UseG1GC                                  = true                                      {product} {ergonomic}
     bool UseLargePagesIndividualAllocation        = false                                  {pd product} {ergonomic}

Logging:
Log output configuration:
 #0: stdout all=warning uptime,level,tags
 #1: stderr all=off uptime,level,tags

Environment Variables:
PATH=C:\Program Files (x86)\Common Files\Oracle\Java\javapath;C:\Windows\system32;C:\Windows;C:\Windows\System32\Wbem;C:\Windows\System32\WindowsPowerShell\v1.0\;C:\Program Files\Git\cmd
USERNAME=David
OS=Windows_NT
PROCESSOR_IDENTIFIER=Intel64 Family 6 Model 142 Stepping 9, GenuineIntel



---------------  S Y S T E M  ---------------

OS: Windows 10 , 64 bit Build 10240 (10.0.10240.16384)

CPU:total 4 (initial active 4) (2 cores per cpu, 2 threads per core) family 6 model 142 stepping 9, cmov, cx8, fxsr, mmx, sse, sse2, sse3, ssse3, sse4.1, sse4.2, popcnt, avx, avx2, aes, clmul, erms, 3dnowpref, lzcnt, ht, tsc, tscinvbit, bmi1, bmi2, adx, fma

Memory: 4k page, system-wide physical 8107M (4363M free)
TotalPageFile size 12153M (AvailPageFile size 8188M)
current process WorkingSet (physical memory assigned to process): 36M, peak: 36M
current process commit charge ("private bytes"): 198M, peak: 198M

vm_info: Java HotSpot(TM) 64-Bit Server VM (11.0.6+8-LTS) for windows-amd64 JRE (11.0.6+8-LTS), built on Dec 11 2019 09:17:57 by "mach5one" with MS VC++ 15.5 (VS2017)

END.
