#
# A fatal error has been detected by the Java Runtime Environment:
#
#  EXCEPTION_ACCESS_VIOLATION (0xc0000005) at pc=0x0000000180005b00, pid=11808, tid=11764
#
# JRE version: Java(TM) SE Runtime Environment (11.0.6+8) (build 11.0.6+8-LTS)
# Java VM: Java HotSpot(TM) 64-Bit Server VM (11.0.6+8-LTS, mixed mode, tiered, compressed oops, g1 gc, windows-amd64)
# Problematic frame:
# C  [rxtxSerial.dll+0x5b00]
#
# No core dump will be written. Minidumps are not enabled by default on client versions of Windows
#
# If you would like to submit a bug report, please visit:
#   http://bugreport.java.com/bugreport/crash.jsp
# The crash happened outside the Java Virtual Machine in native code.
# See problematic frame for where to report the bug.
#

---------------  S U M M A R Y ------------

Command Line: -Dfile.encoding=UTF-8 -Djava.library.path=D:\NetBeansProjects\JavaDuckHunt\DuckHunt\lib -agentlib:jdwp=transport=dt_shmem,address=javadebug --module-path=D:\NetBeansProjects\JavaDuckHunt\DuckHunt\build\classes pangolin.revenge.app.Serial

Host: Intel(R) Core(TM) i5-7200U CPU @ 2.50GHz, 4 cores, 7G,  Windows 10 , 64 bit Build 10240 (10.0.10240.16384)
Time: Thu Apr 23 10:04:35 2020 Hora de verano romance elapsed time: 3 seconds (0d 0h 0m 3s)

---------------  T H R E A D  ---------------

Current thread (0x0000009db24ed000):  JavaThread "Thread-0" [_thread_in_native, id=11764, stack(0x0000009db3c00000,0x0000009db3d00000)]

Stack: [0x0000009db3c00000,0x0000009db3d00000],  sp=0x0000009db3cfece0,  free space=1019k
Native frames: (J=compiled Java code, j=interpreted, Vv=VM code, C=native code)
C  [rxtxSerial.dll+0x5b00]

Java frames: (J=compiled Java code, j=interpreted, Vv=VM code)
j  gnu.io.RXTXPort.readByte()I+0
j  gnu.io.RXTXPort$SerialInputStream.read()I+81
j  pangolin.revenge.app.Serial$LeerSerial.run()V+4
j  java.lang.Thread.run()V+11 java.base@11.0.6
v  ~StubRoutines::call_stub

siginfo: EXCEPTION_ACCESS_VIOLATION (0xc0000005), reading address 0xffffffffb3bfeb18


Register to memory mapping:

RIP=0x0000000180005b00 rxtxSerial.dll
RAX=0x0000000000000001 is an unknown value
RBX=0x0 is NULL
RCX=0x000000018001d4d5 rxtxSerial.dll
RDX=0xfffffffffffff665 is an unknown value
RSP=0x0000009db3cfece0 is pointing into the stack for thread: 0x0000009db24ed000
RBP=
[error occurred during error reporting (printing register info), id 0xc0000005, EXCEPTION_ACCESS_VIOLATION (0xc0000005) at pc=0x00007ffc9ee12f56]

Registers:
RAX=0x0000000000000001, RBX=0x0000000000000000, RCX=0x000000018001d4d5, RDX=0xfffffffffffff665
RSP=0x0000009db3cfece0, RBP=0x00000000ffffffff, RSI=0x0000000000000000, RDI=0x0000009db24ed340
R8 =0x0000000000000002, R9 =0xfffffffffffff63c, R10=0x0000009db24af830, R11=0x8101010101010100
R12=0xffffffffb3bfeb10, R13=0x0000000000000001, R14=0x0000009db3cfee88, R15=0x0000000000000000
RIP=0x0000000180005b00, EFLAGS=0x0000000000010202

Top of Stack: (sp=0x0000009db3cfece0)
0x0000009db3cfece0:   0000000000000000 0000000000000000
0x0000009db3cfecf0:   0000000000000000 0000009db24ed340
0x0000009db3cfed00:   0000009db24ed000 0000009db3cfee88
0x0000009db3cfed10:   0000009db1bd7358 0000009db3cfee88
0x0000009db3cfed20:   ffffffffffffffff 0000000000000001
0x0000009db3cfed30:   0000009db2492c58 0000000180005f3f
0x0000009db3cfed40:   0000009db24ed340 0000009db24ed340
0x0000009db3cfed50:   0000000000000001 0000009db3cfed70
0x0000009db3cfed60:   0000009d00000001 0000009dffffffff
0x0000009db3cfed70:   0000009db2478450 0000009db3cfee88
0x0000009db3cfed80:   0000009db3cff2f0 0000009db3cff4c0
0x0000009db3cfed90:   0000009db3cff4c0 0000009db3cff4c0
0x0000009db3cfeda0:   0000009db1bd7360 0000009db24ed000
0x0000009db3cfedb0:   0000000000000001 0000009d9a985921
0x0000009db3cfedc0:   00001d90fef084ab 0000009db1bd7360
0x0000009db3cfedd0:   0000000000000000 0000000000000001 

Instructions: (pc=0x0000000180005b00)
0x0000000180005ae0:   15 23 7a 01 00 48 8d 48 60 e8 3a 5d 00 00 4c 8b
0x0000000180005af0:   e5 8b ac 24 88 00 00 00 44 8b ac 24 80 00 00 00
0x0000000180005b00:   45 8b 74 24 08 41 89 5c 24 08 41 8b fd 85 ed 78
0x0000000180005b10:   09 ff 15 e9 14 01 00 44 8b f8 45 85 ed 7e 4a 90 


Stack slot to memory mapping:
stack at sp + 0 slots: 0x0 is NULL
stack at sp + 1 slots: 0x0 is NULL
stack at sp + 2 slots: 0x0 is NULL
stack at sp + 3 slots: 0x0000009db24ed340 points into unknown readable memory: 90 5d 51 9f fc 7f 00 00
stack at sp + 4 slots: 0x0000009db24ed000 is a thread
stack at sp + 5 slots: 0x0000009db3cfee88 is pointing into the stack for thread: 0x0000009db24ed000
stack at sp + 6 slots: 0x0000009db1bd7358 is pointing into metadata
stack at sp + 7 slots: 0x0000009db3cfee88 is pointing into the stack for thread: 0x0000009db24ed000


---------------  P R O C E S S  ---------------

Threads class SMR info:
_java_thread_list=0x0000009db24af350, length=15, elements={
0x0000009db15da800, 0x0000009db15e3800, 0x0000009db2273800, 0x0000009db15f1000,
0x0000009db15f4000, 0x0000009db1627000, 0x0000009db1628000, 0x0000009d926b9000,
0x0000009db2472800, 0x0000009db248b800, 0x0000009db2490800, 0x0000009db2f38800,
0x0000009db24ec000, 0x0000009db24ed000, 0x0000009d925d1800
}

Java Threads: ( => current thread )
  0x0000009db15da800 JavaThread "Reference Handler" daemon [_thread_blocked, id=2592, stack(0x0000009db1f30000,0x0000009db2030000)]
  0x0000009db15e3800 JavaThread "Finalizer" daemon [_thread_blocked, id=4668, stack(0x0000009db2030000,0x0000009db2130000)]
  0x0000009db2273800 JavaThread "Signal Dispatcher" daemon [_thread_blocked, id=16680, stack(0x0000009db2630000,0x0000009db2730000)]
  0x0000009db15f1000 JavaThread "Attach Listener" daemon [_thread_blocked, id=17236, stack(0x0000009db2730000,0x0000009db2830000)]
  0x0000009db15f4000 JavaThread "C2 CompilerThread0" daemon [_thread_blocked, id=9440, stack(0x0000009db2830000,0x0000009db2930000)]
  0x0000009db1627000 JavaThread "C1 CompilerThread0" daemon [_thread_blocked, id=11512, stack(0x0000009db2930000,0x0000009db2a30000)]
  0x0000009db1628000 JavaThread "Sweeper thread" daemon [_thread_blocked, id=18912, stack(0x0000009db2a30000,0x0000009db2b30000)]
  0x0000009d926b9000 JavaThread "Common-Cleaner" daemon [_thread_blocked, id=580, stack(0x0000009db2b30000,0x0000009db2c30000)]
  0x0000009db2472800 JavaThread "JDWP Transport Listener: dt_shmem" daemon [_thread_blocked, id=3332, stack(0x0000009db2c30000,0x0000009db2d30000)]
  0x0000009db248b800 JavaThread "JDWP Event Helper Thread" daemon [_thread_blocked, id=7704, stack(0x0000009db2d30000,0x0000009db2e30000)]
  0x0000009db2490800 JavaThread "JDWP Command Reader" daemon [_thread_in_native, id=4836, stack(0x0000009db2e30000,0x0000009db2f30000)]
  0x0000009db2f38800 JavaThread "Service Thread" daemon [_thread_blocked, id=12432, stack(0x0000009db3730000,0x0000009db3830000)]
  0x0000009db24ec000 JavaThread "Thread-1" [_thread_in_native, id=6760, stack(0x0000009db3b00000,0x0000009db3c00000)]
=>0x0000009db24ed000 JavaThread "Thread-0" [_thread_in_native, id=11764, stack(0x0000009db3c00000,0x0000009db3d00000)]
  0x0000009d925d1800 JavaThread "DestroyJavaVM" [_thread_blocked, id=9060, stack(0x0000009d924c0000,0x0000009d925c0000)]

Other Threads:
  0x0000009db15b1800 VMThread "VM Thread" [stack: 0x0000009db1e30000,0x0000009db1f30000] [id=7708]
  0x0000009db2612800 WatcherThread [stack: 0x0000009db3830000,0x0000009db3930000] [id=5208]
  0x0000009d925e4800 GCTaskThread "GC Thread#0" [stack: 0x0000009da9b50000,0x0000009da9c50000] [id=18300]
  0x0000009d92616000 ConcurrentGCThread "G1 Main Marker" [stack: 0x0000009daebf0000,0x0000009daecf0000] [id=2948]
  0x0000009d92618000 ConcurrentGCThread "G1 Conc#0" [stack: 0x0000009daecf0000,0x0000009daedf0000] [id=13372]
  0x0000009d926ae800 ConcurrentGCThread "G1 Refine#0" [stack: 0x0000009db1230000,0x0000009db1330000] [id=15972]
  0x0000009d926b0800 ConcurrentGCThread "G1 Young RemSet Sampling" [stack: 0x0000009db1330000,0x0000009db1430000] [id=13604]

Threads with active compile tasks:

VM state:not at safepoint (normal execution)

VM Mutex/Monitor currently owned by a thread: None

Heap address: 0x0000000081400000, size: 2028 MB, Compressed Oops mode: 32-bit
Narrow klass base: 0x0000000000000000, Narrow klass shift: 3
Compressed class space size: 1073741824 Address: 0x0000000100000000

Heap:
 garbage-first heap   total 131072K, used 3072K [0x0000000081400000, 0x0000000100000000)
  region size 1024K, 4 young (4096K), 0 survivors (0K)
 Metaspace       used 6369K, capacity 6505K, committed 6784K, reserved 1056768K
  class space    used 562K, capacity 612K, committed 640K, reserved 1048576K
Heap Regions: E=young(eden), S=young(survivor), O=old, HS=humongous(starts), HC=humongous(continues), CS=collection set, F=free, A=archive, TAMS=top-at-mark-start (previous, next)
|   0|0x0000000081400000, 0x0000000081400000, 0x0000000081500000|  0%| F|  |TAMS 0x0000000081400000, 0x0000000081400000| Untracked 
|   1|0x0000000081500000, 0x0000000081500000, 0x0000000081600000|  0%| F|  |TAMS 0x0000000081500000, 0x0000000081500000| Untracked 
|   2|0x0000000081600000, 0x0000000081600000, 0x0000000081700000|  0%| F|  |TAMS 0x0000000081600000, 0x0000000081600000| Untracked 
|   3|0x0000000081700000, 0x0000000081700000, 0x0000000081800000|  0%| F|  |TAMS 0x0000000081700000, 0x0000000081700000| Untracked 
|   4|0x0000000081800000, 0x0000000081800000, 0x0000000081900000|  0%| F|  |TAMS 0x0000000081800000, 0x0000000081800000| Untracked 
|   5|0x0000000081900000, 0x0000000081900000, 0x0000000081a00000|  0%| F|  |TAMS 0x0000000081900000, 0x0000000081900000| Untracked 
|   6|0x0000000081a00000, 0x0000000081a00000, 0x0000000081b00000|  0%| F|  |TAMS 0x0000000081a00000, 0x0000000081a00000| Untracked 
|   7|0x0000000081b00000, 0x0000000081b00000, 0x0000000081c00000|  0%| F|  |TAMS 0x0000000081b00000, 0x0000000081b00000| Untracked 
|   8|0x0000000081c00000, 0x0000000081c00000, 0x0000000081d00000|  0%| F|  |TAMS 0x0000000081c00000, 0x0000000081c00000| Untracked 
|   9|0x0000000081d00000, 0x0000000081d00000, 0x0000000081e00000|  0%| F|  |TAMS 0x0000000081d00000, 0x0000000081d00000| Untracked 
|  10|0x0000000081e00000, 0x0000000081e00000, 0x0000000081f00000|  0%| F|  |TAMS 0x0000000081e00000, 0x0000000081e00000| Untracked 
|  11|0x0000000081f00000, 0x0000000081f00000, 0x0000000082000000|  0%| F|  |TAMS 0x0000000081f00000, 0x0000000081f00000| Untracked 
|  12|0x0000000082000000, 0x0000000082000000, 0x0000000082100000|  0%| F|  |TAMS 0x0000000082000000, 0x0000000082000000| Untracked 
|  13|0x0000000082100000, 0x0000000082100000, 0x0000000082200000|  0%| F|  |TAMS 0x0000000082100000, 0x0000000082100000| Untracked 
|  14|0x0000000082200000, 0x0000000082200000, 0x0000000082300000|  0%| F|  |TAMS 0x0000000082200000, 0x0000000082200000| Untracked 
|  15|0x0000000082300000, 0x0000000082300000, 0x0000000082400000|  0%| F|  |TAMS 0x0000000082300000, 0x0000000082300000| Untracked 
|  16|0x0000000082400000, 0x0000000082400000, 0x0000000082500000|  0%| F|  |TAMS 0x0000000082400000, 0x0000000082400000| Untracked 
|  17|0x0000000082500000, 0x0000000082500000, 0x0000000082600000|  0%| F|  |TAMS 0x0000000082500000, 0x0000000082500000| Untracked 
|  18|0x0000000082600000, 0x0000000082600000, 0x0000000082700000|  0%| F|  |TAMS 0x0000000082600000, 0x0000000082600000| Untracked 
|  19|0x0000000082700000, 0x0000000082700000, 0x0000000082800000|  0%| F|  |TAMS 0x0000000082700000, 0x0000000082700000| Untracked 
|  20|0x0000000082800000, 0x0000000082800000, 0x0000000082900000|  0%| F|  |TAMS 0x0000000082800000, 0x0000000082800000| Untracked 
|  21|0x0000000082900000, 0x0000000082900000, 0x0000000082a00000|  0%| F|  |TAMS 0x0000000082900000, 0x0000000082900000| Untracked 
|  22|0x0000000082a00000, 0x0000000082a00000, 0x0000000082b00000|  0%| F|  |TAMS 0x0000000082a00000, 0x0000000082a00000| Untracked 
|  23|0x0000000082b00000, 0x0000000082b00000, 0x0000000082c00000|  0%| F|  |TAMS 0x0000000082b00000, 0x0000000082b00000| Untracked 
|  24|0x0000000082c00000, 0x0000000082c00000, 0x0000000082d00000|  0%| F|  |TAMS 0x0000000082c00000, 0x0000000082c00000| Untracked 
|  25|0x0000000082d00000, 0x0000000082d00000, 0x0000000082e00000|  0%| F|  |TAMS 0x0000000082d00000, 0x0000000082d00000| Untracked 
|  26|0x0000000082e00000, 0x0000000082e00000, 0x0000000082f00000|  0%| F|  |TAMS 0x0000000082e00000, 0x0000000082e00000| Untracked 
|  27|0x0000000082f00000, 0x0000000082f00000, 0x0000000083000000|  0%| F|  |TAMS 0x0000000082f00000, 0x0000000082f00000| Untracked 
|  28|0x0000000083000000, 0x0000000083000000, 0x0000000083100000|  0%| F|  |TAMS 0x0000000083000000, 0x0000000083000000| Untracked 
|  29|0x0000000083100000, 0x0000000083100000, 0x0000000083200000|  0%| F|  |TAMS 0x0000000083100000, 0x0000000083100000| Untracked 
|  30|0x0000000083200000, 0x0000000083200000, 0x0000000083300000|  0%| F|  |TAMS 0x0000000083200000, 0x0000000083200000| Untracked 
|  31|0x0000000083300000, 0x0000000083300000, 0x0000000083400000|  0%| F|  |TAMS 0x0000000083300000, 0x0000000083300000| Untracked 
|  32|0x0000000083400000, 0x0000000083400000, 0x0000000083500000|  0%| F|  |TAMS 0x0000000083400000, 0x0000000083400000| Untracked 
|  33|0x0000000083500000, 0x0000000083500000, 0x0000000083600000|  0%| F|  |TAMS 0x0000000083500000, 0x0000000083500000| Untracked 
|  34|0x0000000083600000, 0x0000000083600000, 0x0000000083700000|  0%| F|  |TAMS 0x0000000083600000, 0x0000000083600000| Untracked 
|  35|0x0000000083700000, 0x0000000083700000, 0x0000000083800000|  0%| F|  |TAMS 0x0000000083700000, 0x0000000083700000| Untracked 
|  36|0x0000000083800000, 0x0000000083800000, 0x0000000083900000|  0%| F|  |TAMS 0x0000000083800000, 0x0000000083800000| Untracked 
|  37|0x0000000083900000, 0x0000000083900000, 0x0000000083a00000|  0%| F|  |TAMS 0x0000000083900000, 0x0000000083900000| Untracked 
|  38|0x0000000083a00000, 0x0000000083a00000, 0x0000000083b00000|  0%| F|  |TAMS 0x0000000083a00000, 0x0000000083a00000| Untracked 
|  39|0x0000000083b00000, 0x0000000083b00000, 0x0000000083c00000|  0%| F|  |TAMS 0x0000000083b00000, 0x0000000083b00000| Untracked 
|  40|0x0000000083c00000, 0x0000000083c00000, 0x0000000083d00000|  0%| F|  |TAMS 0x0000000083c00000, 0x0000000083c00000| Untracked 
|  41|0x0000000083d00000, 0x0000000083d00000, 0x0000000083e00000|  0%| F|  |TAMS 0x0000000083d00000, 0x0000000083d00000| Untracked 
|  42|0x0000000083e00000, 0x0000000083e00000, 0x0000000083f00000|  0%| F|  |TAMS 0x0000000083e00000, 0x0000000083e00000| Untracked 
|  43|0x0000000083f00000, 0x0000000083f00000, 0x0000000084000000|  0%| F|  |TAMS 0x0000000083f00000, 0x0000000083f00000| Untracked 
|  44|0x0000000084000000, 0x0000000084000000, 0x0000000084100000|  0%| F|  |TAMS 0x0000000084000000, 0x0000000084000000| Untracked 
|  45|0x0000000084100000, 0x0000000084100000, 0x0000000084200000|  0%| F|  |TAMS 0x0000000084100000, 0x0000000084100000| Untracked 
|  46|0x0000000084200000, 0x0000000084200000, 0x0000000084300000|  0%| F|  |TAMS 0x0000000084200000, 0x0000000084200000| Untracked 
|  47|0x0000000084300000, 0x0000000084300000, 0x0000000084400000|  0%| F|  |TAMS 0x0000000084300000, 0x0000000084300000| Untracked 
|  48|0x0000000084400000, 0x0000000084400000, 0x0000000084500000|  0%| F|  |TAMS 0x0000000084400000, 0x0000000084400000| Untracked 
|  49|0x0000000084500000, 0x0000000084500000, 0x0000000084600000|  0%| F|  |TAMS 0x0000000084500000, 0x0000000084500000| Untracked 
|  50|0x0000000084600000, 0x0000000084600000, 0x0000000084700000|  0%| F|  |TAMS 0x0000000084600000, 0x0000000084600000| Untracked 
|  51|0x0000000084700000, 0x0000000084700000, 0x0000000084800000|  0%| F|  |TAMS 0x0000000084700000, 0x0000000084700000| Untracked 
|  52|0x0000000084800000, 0x0000000084800000, 0x0000000084900000|  0%| F|  |TAMS 0x0000000084800000, 0x0000000084800000| Untracked 
|  53|0x0000000084900000, 0x0000000084900000, 0x0000000084a00000|  0%| F|  |TAMS 0x0000000084900000, 0x0000000084900000| Untracked 
|  54|0x0000000084a00000, 0x0000000084a00000, 0x0000000084b00000|  0%| F|  |TAMS 0x0000000084a00000, 0x0000000084a00000| Untracked 
|  55|0x0000000084b00000, 0x0000000084b00000, 0x0000000084c00000|  0%| F|  |TAMS 0x0000000084b00000, 0x0000000084b00000| Untracked 
|  56|0x0000000084c00000, 0x0000000084c00000, 0x0000000084d00000|  0%| F|  |TAMS 0x0000000084c00000, 0x0000000084c00000| Untracked 
|  57|0x0000000084d00000, 0x0000000084d00000, 0x0000000084e00000|  0%| F|  |TAMS 0x0000000084d00000, 0x0000000084d00000| Untracked 
|  58|0x0000000084e00000, 0x0000000084e00000, 0x0000000084f00000|  0%| F|  |TAMS 0x0000000084e00000, 0x0000000084e00000| Untracked 
|  59|0x0000000084f00000, 0x0000000084f00000, 0x0000000085000000|  0%| F|  |TAMS 0x0000000084f00000, 0x0000000084f00000| Untracked 
|  60|0x0000000085000000, 0x0000000085000000, 0x0000000085100000|  0%| F|  |TAMS 0x0000000085000000, 0x0000000085000000| Untracked 
|  61|0x0000000085100000, 0x0000000085100000, 0x0000000085200000|  0%| F|  |TAMS 0x0000000085100000, 0x0000000085100000| Untracked 
|  62|0x0000000085200000, 0x0000000085200000, 0x0000000085300000|  0%| F|  |TAMS 0x0000000085200000, 0x0000000085200000| Untracked 
|  63|0x0000000085300000, 0x0000000085300000, 0x0000000085400000|  0%| F|  |TAMS 0x0000000085300000, 0x0000000085300000| Untracked 
|  64|0x0000000085400000, 0x0000000085400000, 0x0000000085500000|  0%| F|  |TAMS 0x0000000085400000, 0x0000000085400000| Untracked 
|  65|0x0000000085500000, 0x0000000085500000, 0x0000000085600000|  0%| F|  |TAMS 0x0000000085500000, 0x0000000085500000| Untracked 
|  66|0x0000000085600000, 0x0000000085600000, 0x0000000085700000|  0%| F|  |TAMS 0x0000000085600000, 0x0000000085600000| Untracked 
|  67|0x0000000085700000, 0x0000000085700000, 0x0000000085800000|  0%| F|  |TAMS 0x0000000085700000, 0x0000000085700000| Untracked 
|  68|0x0000000085800000, 0x0000000085800000, 0x0000000085900000|  0%| F|  |TAMS 0x0000000085800000, 0x0000000085800000| Untracked 
|  69|0x0000000085900000, 0x0000000085900000, 0x0000000085a00000|  0%| F|  |TAMS 0x0000000085900000, 0x0000000085900000| Untracked 
|  70|0x0000000085a00000, 0x0000000085a00000, 0x0000000085b00000|  0%| F|  |TAMS 0x0000000085a00000, 0x0000000085a00000| Untracked 
|  71|0x0000000085b00000, 0x0000000085b00000, 0x0000000085c00000|  0%| F|  |TAMS 0x0000000085b00000, 0x0000000085b00000| Untracked 
|  72|0x0000000085c00000, 0x0000000085c00000, 0x0000000085d00000|  0%| F|  |TAMS 0x0000000085c00000, 0x0000000085c00000| Untracked 
|  73|0x0000000085d00000, 0x0000000085d00000, 0x0000000085e00000|  0%| F|  |TAMS 0x0000000085d00000, 0x0000000085d00000| Untracked 
|  74|0x0000000085e00000, 0x0000000085e00000, 0x0000000085f00000|  0%| F|  |TAMS 0x0000000085e00000, 0x0000000085e00000| Untracked 
|  75|0x0000000085f00000, 0x0000000085f00000, 0x0000000086000000|  0%| F|  |TAMS 0x0000000085f00000, 0x0000000085f00000| Untracked 
|  76|0x0000000086000000, 0x0000000086000000, 0x0000000086100000|  0%| F|  |TAMS 0x0000000086000000, 0x0000000086000000| Untracked 
|  77|0x0000000086100000, 0x0000000086100000, 0x0000000086200000|  0%| F|  |TAMS 0x0000000086100000, 0x0000000086100000| Untracked 
|  78|0x0000000086200000, 0x0000000086200000, 0x0000000086300000|  0%| F|  |TAMS 0x0000000086200000, 0x0000000086200000| Untracked 
|  79|0x0000000086300000, 0x0000000086300000, 0x0000000086400000|  0%| F|  |TAMS 0x0000000086300000, 0x0000000086300000| Untracked 
|  80|0x0000000086400000, 0x0000000086400000, 0x0000000086500000|  0%| F|  |TAMS 0x0000000086400000, 0x0000000086400000| Untracked 
|  81|0x0000000086500000, 0x0000000086500000, 0x0000000086600000|  0%| F|  |TAMS 0x0000000086500000, 0x0000000086500000| Untracked 
|  82|0x0000000086600000, 0x0000000086600000, 0x0000000086700000|  0%| F|  |TAMS 0x0000000086600000, 0x0000000086600000| Untracked 
|  83|0x0000000086700000, 0x0000000086700000, 0x0000000086800000|  0%| F|  |TAMS 0x0000000086700000, 0x0000000086700000| Untracked 
|  84|0x0000000086800000, 0x0000000086800000, 0x0000000086900000|  0%| F|  |TAMS 0x0000000086800000, 0x0000000086800000| Untracked 
|  85|0x0000000086900000, 0x0000000086900000, 0x0000000086a00000|  0%| F|  |TAMS 0x0000000086900000, 0x0000000086900000| Untracked 
|  86|0x0000000086a00000, 0x0000000086a00000, 0x0000000086b00000|  0%| F|  |TAMS 0x0000000086a00000, 0x0000000086a00000| Untracked 
|  87|0x0000000086b00000, 0x0000000086b00000, 0x0000000086c00000|  0%| F|  |TAMS 0x0000000086b00000, 0x0000000086b00000| Untracked 
|  88|0x0000000086c00000, 0x0000000086c00000, 0x0000000086d00000|  0%| F|  |TAMS 0x0000000086c00000, 0x0000000086c00000| Untracked 
|  89|0x0000000086d00000, 0x0000000086d00000, 0x0000000086e00000|  0%| F|  |TAMS 0x0000000086d00000, 0x0000000086d00000| Untracked 
|  90|0x0000000086e00000, 0x0000000086e00000, 0x0000000086f00000|  0%| F|  |TAMS 0x0000000086e00000, 0x0000000086e00000| Untracked 
|  91|0x0000000086f00000, 0x0000000086f00000, 0x0000000087000000|  0%| F|  |TAMS 0x0000000086f00000, 0x0000000086f00000| Untracked 
|  92|0x0000000087000000, 0x0000000087000000, 0x0000000087100000|  0%| F|  |TAMS 0x0000000087000000, 0x0000000087000000| Untracked 
|  93|0x0000000087100000, 0x0000000087100000, 0x0000000087200000|  0%| F|  |TAMS 0x0000000087100000, 0x0000000087100000| Untracked 
|  94|0x0000000087200000, 0x0000000087200000, 0x0000000087300000|  0%| F|  |TAMS 0x0000000087200000, 0x0000000087200000| Untracked 
|  95|0x0000000087300000, 0x0000000087300000, 0x0000000087400000|  0%| F|  |TAMS 0x0000000087300000, 0x0000000087300000| Untracked 
|  96|0x0000000087400000, 0x0000000087400000, 0x0000000087500000|  0%| F|  |TAMS 0x0000000087400000, 0x0000000087400000| Untracked 
|  97|0x0000000087500000, 0x0000000087500000, 0x0000000087600000|  0%| F|  |TAMS 0x0000000087500000, 0x0000000087500000| Untracked 
|  98|0x0000000087600000, 0x0000000087600000, 0x0000000087700000|  0%| F|  |TAMS 0x0000000087600000, 0x0000000087600000| Untracked 
|  99|0x0000000087700000, 0x0000000087700000, 0x0000000087800000|  0%| F|  |TAMS 0x0000000087700000, 0x0000000087700000| Untracked 
| 100|0x0000000087800000, 0x0000000087800000, 0x0000000087900000|  0%| F|  |TAMS 0x0000000087800000, 0x0000000087800000| Untracked 
| 101|0x0000000087900000, 0x0000000087900000, 0x0000000087a00000|  0%| F|  |TAMS 0x0000000087900000, 0x0000000087900000| Untracked 
| 102|0x0000000087a00000, 0x0000000087a00000, 0x0000000087b00000|  0%| F|  |TAMS 0x0000000087a00000, 0x0000000087a00000| Untracked 
| 103|0x0000000087b00000, 0x0000000087b00000, 0x0000000087c00000|  0%| F|  |TAMS 0x0000000087b00000, 0x0000000087b00000| Untracked 
| 104|0x0000000087c00000, 0x0000000087c00000, 0x0000000087d00000|  0%| F|  |TAMS 0x0000000087c00000, 0x0000000087c00000| Untracked 
| 105|0x0000000087d00000, 0x0000000087d00000, 0x0000000087e00000|  0%| F|  |TAMS 0x0000000087d00000, 0x0000000087d00000| Untracked 
| 106|0x0000000087e00000, 0x0000000087e00000, 0x0000000087f00000|  0%| F|  |TAMS 0x0000000087e00000, 0x0000000087e00000| Untracked 
| 107|0x0000000087f00000, 0x0000000087f00000, 0x0000000088000000|  0%| F|  |TAMS 0x0000000087f00000, 0x0000000087f00000| Untracked 
| 108|0x0000000088000000, 0x0000000088000000, 0x0000000088100000|  0%| F|  |TAMS 0x0000000088000000, 0x0000000088000000| Untracked 
| 109|0x0000000088100000, 0x0000000088100000, 0x0000000088200000|  0%| F|  |TAMS 0x0000000088100000, 0x0000000088100000| Untracked 
| 110|0x0000000088200000, 0x0000000088200000, 0x0000000088300000|  0%| F|  |TAMS 0x0000000088200000, 0x0000000088200000| Untracked 
| 111|0x0000000088300000, 0x0000000088300000, 0x0000000088400000|  0%| F|  |TAMS 0x0000000088300000, 0x0000000088300000| Untracked 
| 112|0x0000000088400000, 0x0000000088400000, 0x0000000088500000|  0%| F|  |TAMS 0x0000000088400000, 0x0000000088400000| Untracked 
| 113|0x0000000088500000, 0x0000000088500000, 0x0000000088600000|  0%| F|  |TAMS 0x0000000088500000, 0x0000000088500000| Untracked 
| 114|0x0000000088600000, 0x0000000088600000, 0x0000000088700000|  0%| F|  |TAMS 0x0000000088600000, 0x0000000088600000| Untracked 
| 115|0x0000000088700000, 0x0000000088700000, 0x0000000088800000|  0%| F|  |TAMS 0x0000000088700000, 0x0000000088700000| Untracked 
| 116|0x0000000088800000, 0x0000000088800000, 0x0000000088900000|  0%| F|  |TAMS 0x0000000088800000, 0x0000000088800000| Untracked 
| 117|0x0000000088900000, 0x0000000088900000, 0x0000000088a00000|  0%| F|  |TAMS 0x0000000088900000, 0x0000000088900000| Untracked 
| 118|0x0000000088a00000, 0x0000000088a00000, 0x0000000088b00000|  0%| F|  |TAMS 0x0000000088a00000, 0x0000000088a00000| Untracked 
| 119|0x0000000088b00000, 0x0000000088b00000, 0x0000000088c00000|  0%| F|  |TAMS 0x0000000088b00000, 0x0000000088b00000| Untracked 
| 120|0x0000000088c00000, 0x0000000088c00000, 0x0000000088d00000|  0%| F|  |TAMS 0x0000000088c00000, 0x0000000088c00000| Untracked 
| 121|0x0000000088d00000, 0x0000000088d00000, 0x0000000088e00000|  0%| F|  |TAMS 0x0000000088d00000, 0x0000000088d00000| Untracked 
| 122|0x0000000088e00000, 0x0000000088e00000, 0x0000000088f00000|  0%| F|  |TAMS 0x0000000088e00000, 0x0000000088e00000| Untracked 
| 123|0x0000000088f00000, 0x0000000088f00000, 0x0000000089000000|  0%| F|  |TAMS 0x0000000088f00000, 0x0000000088f00000| Untracked 
| 124|0x0000000089000000, 0x00000000890482f8, 0x0000000089100000| 28%| E|  |TAMS 0x0000000089000000, 0x0000000089000000| Complete 
| 125|0x0000000089100000, 0x0000000089200000, 0x0000000089200000|100%| E|CS|TAMS 0x0000000089100000, 0x0000000089100000| Complete 
| 126|0x0000000089200000, 0x0000000089300000, 0x0000000089300000|100%| E|CS|TAMS 0x0000000089200000, 0x0000000089200000| Complete 
| 127|0x0000000089300000, 0x0000000089400000, 0x0000000089400000|100%| E|CS|TAMS 0x0000000089300000, 0x0000000089300000| Complete 

Card table byte_map: [0x0000009daa490000,0x0000009daa890000] _byte_map_base: 0x0000009daa086000

Marking Bits (Prev, Next): (CMBitMap*) 0x0000009d9260c8d8, (CMBitMap*) 0x0000009d9260c910
 Prev Bits: [0x0000009daac90000, 0x0000009dacc40000)
 Next Bits: [0x0000009dacc40000, 0x0000009daebf0000)

Polling page: 0x0000009d90cd0000

Metaspace:

Usage:
  Non-class:      5.75 MB capacity,     5.67 MB ( 99%) used,    81.76 KB (  1%) free+waste,     4.56 KB ( <1%) overhead. 
      Class:    612.00 KB capacity,   562.41 KB ( 92%) used,    47.41 KB (  8%) free+waste,     2.19 KB ( <1%) overhead. 
       Both:      6.35 MB capacity,     6.22 MB ( 98%) used,   129.16 KB (  2%) free+waste,     6.75 KB ( <1%) overhead. 

Virtual space:
  Non-class space:        8.00 MB reserved,       6.00 MB ( 75%) committed 
      Class space:        1.00 GB reserved,     640.00 KB ( <1%) committed 
             Both:        1.01 GB reserved,       6.63 MB ( <1%) committed 

Chunk freelists:
   Non-Class:  7.38 KB
       Class:  3.50 KB
        Both:  10.88 KB

CodeHeap 'non-profiled nmethods': size=120064Kb used=82Kb max_used=82Kb free=119981Kb
 bounds [0x0000009da2430000, 0x0000009da26a0000, 0x0000009da9970000]
CodeHeap 'profiled nmethods': size=120000Kb used=323Kb max_used=323Kb free=119676Kb
 bounds [0x0000009d9af00000, 0x0000009d9b170000, 0x0000009da2430000]
CodeHeap 'non-nmethods': size=5696Kb used=1128Kb max_used=1139Kb free=4568Kb
 bounds [0x0000009d9a970000, 0x0000009d9abe0000, 0x0000009d9af00000]
 total_blobs=656 nmethods=254 adapters=247
 compilation: enabled
              stopped_count=0, restarted_count=0
 full_count=0

Compilation events (10 events):
Event: 0.196 Thread 0x0000009db15f4000 nmethod 247 0x0000009da2443d90 code [0x0000009da2443f20, 0x0000009da2444018]
Event: 0.197 Thread 0x0000009db1627000 nmethod 249 0x0000009d9af4da90 code [0x0000009d9af4dd00, 0x0000009d9af4e730]
Event: 0.197 Thread 0x0000009db1627000  250       3       java.lang.String::regionMatches (187 bytes)
Event: 0.198 Thread 0x0000009db1627000 nmethod 250 0x0000009d9af4ea90 code [0x0000009d9af4ed00, 0x0000009d9af4fa58]
Event: 0.208 Thread 0x0000009db1627000  252       1       java.util.zip.Inflater$InflaterZStreamRef::address (5 bytes)
Event: 0.208 Thread 0x0000009db1627000 nmethod 252 0x0000009da2444590 code [0x0000009da2444740, 0x0000009da2444858]
Event: 0.208 Thread 0x0000009db1627000  253       3       java.lang.String::lastIndexOf (29 bytes)
Event: 0.208 Thread 0x0000009db1627000 nmethod 253 0x0000009d9af4fe90 code [0x0000009d9af50060, 0x0000009d9af50380]
Event: 0.209 Thread 0x0000009db1627000  254       3       java.lang.String::lastIndexOf (12 bytes)
Event: 0.210 Thread 0x0000009db1627000 nmethod 254 0x0000009d9af50490 code [0x0000009d9af50680, 0x0000009d9af50b00]

GC Heap History (0 events):
No events

Deoptimization events (3 events):
Event: 0.122 Thread 0x0000009d925d1800 Uncommon trap: reason=unstable_if action=reinterpret pc=0x0000009da243917c method=java.lang.String.isLatin1()Z @ 10 c2
Event: 0.170 Thread 0x0000009d925d1800 Uncommon trap: reason=unstable_if action=reinterpret pc=0x0000009da2435e78 method=java.lang.String.isLatin1()Z @ 10 c2
Event: 0.186 Thread 0x0000009d925d1800 Uncommon trap: reason=class_check action=maybe_recompile pc=0x0000009da2440680 method=java.util.HashMap.putVal(ILjava/lang/Object;Ljava/lang/Object;ZZ)Ljava/lang/Object; @ 152 c2

Classes redefined (0 events):
No events

Internal exceptions (7 events):
Event: 0.127 Thread 0x0000009d925d1800 Exception <a 'sun/nio/fs/WindowsException'{0x00000000892490b8}> (0x00000000892490b8) thrown at [t:/workspace/open/src/hotspot/share/prims/jni.cpp, line 615]
Event: 0.127 Thread 0x0000009d925d1800 Exception <a 'sun/nio/fs/WindowsException'{0x00000000892495a8}> (0x00000000892495a8) thrown at [t:/workspace/open/src/hotspot/share/prims/jni.cpp, line 615]
Event: 0.128 Thread 0x0000009d925d1800 Exception <a 'sun/nio/fs/WindowsException'{0x000000008924b6e8}> (0x000000008924b6e8) thrown at [t:/workspace/open/src/hotspot/share/prims/jni.cpp, line 615]
Event: 0.187 Thread 0x0000009d925d1800 Exception <a 'java/io/FileNotFoundException'{0x000000008911f940}> (0x000000008911f940) thrown at [t:/workspace/open/src/hotspot/share/prims/jni.cpp, line 615]
Event: 0.190 Thread 0x0000009d925d1800 Exception <a 'java/io/FileNotFoundException'{0x0000000089131638}> (0x0000000089131638) thrown at [t:/workspace/open/src/hotspot/share/prims/jni.cpp, line 615]
Event: 0.191 Thread 0x0000009d925d1800 Exception <a 'java/io/FileNotFoundException'{0x000000008913fb98}> (0x000000008913fb98) thrown at [t:/workspace/open/src/hotspot/share/prims/jni.cpp, line 615]
Event: 0.197 Thread 0x0000009d925d1800 Exception <a 'java/io/FileNotFoundException'{0x0000000089151500}> (0x0000000089151500) thrown at [t:/workspace/open/src/hotspot/share/prims/jni.cpp, line 615]

Events (10 events):
Event: 3.197 Executing nested VM operation: EnterInterpOnlyMode done
Event: 3.197 Executing VM operation: SetFramePop done
Event: 3.197 Executing VM operation: GetFrameLocation
Event: 3.197 Executing VM operation: GetFrameLocation done
Event: 3.197 Executing VM operation: GetCurrentLocation
Event: 3.197 Executing VM operation: GetCurrentLocation done
Event: 3.197 Executing VM operation: ChangeSingleStep
Event: 3.197 Executing VM operation: ChangeSingleStep done
Event: 3.200 Executing VM operation: ChangeSingleStep
Event: 3.200 Executing VM operation: ChangeSingleStep done


Dynamic libraries:
0x00007ff71cfd0000 - 0x00007ff71d017000 	C:\Program Files\Java\jdk-11.0.6\bin\java.exe
0x00007ffcc5fb0000 - 0x00007ffcc6171000 	C:\Windows\SYSTEM32\ntdll.dll
0x00007ffcc3c20000 - 0x00007ffcc3ccd000 	C:\Windows\system32\KERNEL32.DLL
0x00007ffcc2e70000 - 0x00007ffcc304d000 	C:\Windows\system32\KERNELBASE.dll
0x00007ffcc4670000 - 0x00007ffcc4716000 	C:\Windows\system32\ADVAPI32.dll
0x00007ffcc3ee0000 - 0x00007ffcc3f7d000 	C:\Windows\system32\msvcrt.dll
0x00007ffcc4020000 - 0x00007ffcc407b000 	C:\Windows\system32\sechost.dll
0x00007ffcc3680000 - 0x00007ffcc37a6000 	C:\Windows\system32\RPCRT4.dll
0x00007ffcc5c50000 - 0x00007ffcc5d9e000 	C:\Windows\system32\USER32.dll
0x00007ffcc44e0000 - 0x00007ffcc4666000 	C:\Windows\system32\GDI32.dll
0x00007ffcbe010000 - 0x00007ffcbe284000 	C:\Windows\WinSxS\amd64_microsoft.windows.common-controls_6595b64144ccf1df_6.0.10240.16384_none_f41f7b285750ef43\COMCTL32.dll
0x00007ffcbe2a0000 - 0x00007ffcbe2aa000 	C:\Windows\SYSTEM32\VERSION.dll
0x00007ffcc3fe0000 - 0x00007ffcc4016000 	C:\Windows\system32\IMM32.DLL
0x00007ffcc37b0000 - 0x00007ffcc390c000 	C:\Windows\system32\MSCTF.dll
0x00007ffcc0bf0000 - 0x00007ffcc0c06000 	C:\Program Files\Java\jdk-11.0.6\bin\vcruntime140.dll
0x00007ffcb7ea0000 - 0x00007ffcb7f92000 	C:\Windows\SYSTEM32\ucrtbase.dll
0x00007ffcaf190000 - 0x00007ffcaf23a000 	C:\Program Files\Java\jdk-11.0.6\bin\msvcp140.dll
0x00007ffc9eb20000 - 0x00007ffc9f649000 	C:\Program Files\Java\jdk-11.0.6\bin\server\jvm.dll
0x00007ffcc4250000 - 0x00007ffcc4258000 	C:\Windows\system32\PSAPI.DLL
0x00007ffcbfbd0000 - 0x00007ffcbfbd9000 	C:\Windows\SYSTEM32\WSOCK32.dll
0x00007ffcc5e60000 - 0x00007ffcc5ec9000 	C:\Windows\system32\WS2_32.dll
0x00007ffcc3910000 - 0x00007ffcc3918000 	C:\Windows\system32\NSI.dll
0x00007ffcc01a0000 - 0x00007ffcc01c3000 	C:\Windows\SYSTEM32\WINMM.dll
0x00007ffcc0090000 - 0x00007ffcc00bc000 	C:\Windows\SYSTEM32\WINMMBASE.dll
0x00007ffcc2ae0000 - 0x00007ffcc2b24000 	C:\Windows\system32\cfgmgr32.dll
0x00007ffcc12b0000 - 0x00007ffcc12d7000 	C:\Windows\SYSTEM32\DEVOBJ.dll
0x00007ffcc2a00000 - 0x00007ffcc2a0f000 	C:\Windows\system32\kernel.appcore.dll
0x00007ffcbc770000 - 0x00007ffcbc781000 	C:\Program Files\Java\jdk-11.0.6\bin\verify.dll
0x00007ffcbf5c0000 - 0x00007ffcbf74a000 	C:\Windows\SYSTEM32\DBGHELP.DLL
0x00007ffcb8f60000 - 0x00007ffcb8f85000 	C:\Windows\SYSTEM32\dbgcore.DLL
0x00007ffcbe5f0000 - 0x00007ffcbe619000 	C:\Program Files\Java\jdk-11.0.6\bin\java.dll
0x00007ffcba1c0000 - 0x00007ffcba1f7000 	C:\Program Files\Java\jdk-11.0.6\bin\jdwp.dll
0x00007ffcbba90000 - 0x00007ffcbbaa6000 	C:\Program Files\Java\jdk-11.0.6\bin\zip.dll
0x00007ffcc0e60000 - 0x00007ffcc0e6a000 	C:\Program Files\Java\jdk-11.0.6\bin\jimage.dll
0x00007ffcc4720000 - 0x00007ffcc5c42000 	C:\Windows\system32\SHELL32.dll
0x00007ffcc3050000 - 0x00007ffcc3679000 	C:\Windows\system32\windows.storage.dll
0x00007ffcc3920000 - 0x00007ffcc3b9c000 	C:\Windows\system32\combase.dll
0x00007ffcc4480000 - 0x00007ffcc44d1000 	C:\Windows\system32\shlwapi.dll
0x00007ffcc2d00000 - 0x00007ffcc2db3000 	C:\Windows\system32\shcore.dll
0x00007ffcc2a30000 - 0x00007ffcc2a7a000 	C:\Windows\system32\powrprof.dll
0x00007ffcc2a10000 - 0x00007ffcc2a23000 	C:\Windows\system32\profapi.dll
0x00007ffcb6e90000 - 0x00007ffcb6ea9000 	C:\Program Files\Java\jdk-11.0.6\bin\net.dll
0x00007ffcbdb10000 - 0x00007ffcbdbe6000 	C:\Windows\SYSTEM32\WINHTTP.dll
0x00007ffcc21f0000 - 0x00007ffcc224d000 	C:\Windows\system32\mswsock.dll
0x00007ffcb6e50000 - 0x00007ffcb6e63000 	C:\Program Files\Java\jdk-11.0.6\bin\nio.dll
0x00007ffcc0f20000 - 0x00007ffcc0f2b000 	C:\Program Files\Java\jdk-11.0.6\bin\dt_shmem.dll
0x0000000180000000 - 0x0000000180025000 	D:\NetBeansProjects\JavaDuckHunt\DuckHunt\lib\rxtxSerial.dll

dbghelp: loaded successfully - version: 4.0.5 - missing functions: none
symbol engine: initialized successfully - sym options: 0x614 - pdb path: .;C:\Program Files\Java\jdk-11.0.6\bin;C:\Windows\SYSTEM32;C:\Windows\WinSxS\amd64_microsoft.windows.common-controls_6595b64144ccf1df_6.0.10240.16384_none_f41f7b285750ef43;C:\Program Files\Java\jdk-11.0.6\bin\server;D:\NetBeansProjects\JavaDuckHunt\DuckHunt\lib

VM Arguments:
jvm_args: -Dfile.encoding=UTF-8 -Djava.library.path=D:\NetBeansProjects\JavaDuckHunt\DuckHunt\lib -agentlib:jdwp=transport=dt_shmem,address=javadebug --module-path=D:\NetBeansProjects\JavaDuckHunt\DuckHunt\build\classes 
java_command: pangolin.revenge.app.Serial
java_class_path (initial): D:\NetBeansProjects\JavaDuckHunt\DuckHunt\lib\RXTXcomm.jar;D:\NetBeansProjects\JavaDuckHunt\DuckHunt\build\classes
Launcher Type: SUN_STANDARD

[Global flags]
     intx CICompilerCount                          = 3                                         {product} {ergonomic}
     uint ConcGCThreads                            = 1                                         {product} {ergonomic}
     uint G1ConcRefinementThreads                  = 4                                         {product} {ergonomic}
   size_t G1HeapRegionSize                         = 1048576                                   {product} {ergonomic}
    uintx GCDrainStackTargetSize                   = 64                                        {product} {ergonomic}
   size_t InitialHeapSize                          = 134217728                                 {product} {ergonomic}
   size_t MarkStackSize                            = 4194304                                   {product} {ergonomic}
   size_t MaxHeapSize                              = 2126512128                                {product} {ergonomic}
   size_t MaxNewSize                               = 1275068416                                {product} {ergonomic}
   size_t MinHeapDeltaBytes                        = 1048576                                   {product} {ergonomic}
    uintx NonNMethodCodeHeapSize                   = 5830732                                {pd product} {ergonomic}
    uintx NonProfiledCodeHeapSize                  = 122913754                              {pd product} {ergonomic}
    uintx ProfiledCodeHeapSize                     = 122913754                              {pd product} {ergonomic}
    uintx ReservedCodeCacheSize                    = 251658240                              {pd product} {ergonomic}
     bool SegmentedCodeCache                       = true                                      {product} {ergonomic}
     bool UseCompressedClassPointers               = true                                 {lp64_product} {ergonomic}
     bool UseCompressedOops                        = true                                 {lp64_product} {ergonomic}
     bool UseG1GC                                  = true                                      {product} {ergonomic}
     bool UseLargePagesIndividualAllocation        = false                                  {pd product} {ergonomic}

Logging:
Log output configuration:
 #0: stdout all=warning uptime,level,tags
 #1: stderr all=off uptime,level,tags

Environment Variables:
PATH=C:\Program Files (x86)\Common Files\Oracle\Java\javapath;C:\Windows\system32;C:\Windows;C:\Windows\System32\Wbem;C:\Windows\System32\WindowsPowerShell\v1.0\;C:\Program Files\Git\cmd
USERNAME=David
OS=Windows_NT
PROCESSOR_IDENTIFIER=Intel64 Family 6 Model 142 Stepping 9, GenuineIntel



---------------  S Y S T E M  ---------------

OS: Windows 10 , 64 bit Build 10240 (10.0.10240.16384)

CPU:total 4 (initial active 4) (2 cores per cpu, 2 threads per core) family 6 model 142 stepping 9, cmov, cx8, fxsr, mmx, sse, sse2, sse3, ssse3, sse4.1, sse4.2, popcnt, avx, avx2, aes, clmul, erms, 3dnowpref, lzcnt, ht, tsc, tscinvbit, bmi1, bmi2, adx, fma

Memory: 4k page, system-wide physical 8107M (4675M free)
TotalPageFile size 12153M (AvailPageFile size 8326M)
current process WorkingSet (physical memory assigned to process): 37M, peak: 37M
current process commit charge ("private bytes"): 198M, peak: 198M

vm_info: Java HotSpot(TM) 64-Bit Server VM (11.0.6+8-LTS) for windows-amd64 JRE (11.0.6+8-LTS), built on Dec 11 2019 09:17:57 by "mach5one" with MS VC++ 15.5 (VS2017)

END.
